92 55
92 55
96 48
96 48
88 52
102 50
152 44
82 49
99 35
70 40
71 46
69 32
85 41
66 37
72 38
117 37
91 38
63 32
59 29
74 34
74 31
67 38
63 31
46 13
51 11
68 15
95 47
82 49
82 49
99 35
70 40
71 46
69 32
85 41
66 37
72 38
117 37
91 38
63 32
59 29
75 23
74 34
73 31
74 31
67 38
58 24
63 31
51 20
51 11
99 35
82 49
99 35
70 40
71 46
69 32
85 41
66 37
72 38
117 37
91 38
63 32
59 29
75 23
74 34
73 31
74 31
67 38
58 24
63 31
51 20
51 11
97 33
358 30
358 30
276 27
316 15
75 23
73 23
112 20
73 31
52 14
357 29
399 54
399 54
421 67
398 35
393 54
392 45
376 42
383 42
379 40
385 45
364 39
380 32
357 32
378 36
369 35
351 36
356 25
339 30
333 31
339 21
287 34
221 16
398 53
382 64
382 64
402 62
114 70
421 67
104 66
98 52
105 59
269 67
102 59
114 61
344 49
99 51
134 38
149 48
102 49
164 52
338 58
318 50
286 50
102 52
105 56
87 42
180 39
186 37
195 29
145 4
146 17
380 63
114 70
114 70
155 83
104 66
91 57
139 77
156 70
98 52
105 59
99 59
269 67
102 59
96 56
93 52
114 61
99 51
149 48
102 49
90 57
88 51
109 68
164 52
102 52
88 55
105 56
89 47
78 40
87 42
149 47
112 68
155 83
155 83
139 77
102 66
151 68
135 55
126 66
109 68
179 56
156 59
111 49
169 45
123 48
121 52
119 55
109 47
113 36
79 39
109 52
113 44
93 42
76 35
108 39
81 31
87 27
87 8
57 22
155 81
126 77
126 77
151 68
108 53
100 52
115 50
91 42
83 36
80 35
95 52
135 46
82 41
110 50
88 34
108 30
84 34
68 22
69 18
55 12
60 17
125 76
450 69
450 69
148 53
209 52
132 49
313 49
81 46
128 55
89 49
115 55
152 42
89 51
170 40
79 43
130 35
133 39
86 46
79 39
150 21
65 17
70 22
65 18
39 10
451 68
457 58
457 58
440 57
428 52
463 51
492 63
453 56
424 48
409 49
464 54
451 71
373 45
440 53
373 46
416 58
342 44
387 51
381 56
379 52
316 45
453 57
487 81
487 81
398 54
428 52
407 55
402 46
403 49
394 68
393 48
385 47
379 51
365 49
387 44
382 54
375 44
347 44
122 61
366 48
440 53
387 51
109 62
147 57
136 52
309 42
335 44
289 29
95 21
196 32
482 80
121 67
121 67
210 68
183 59
258 72
169 57
209 61
110 53
97 43
167 34
108 59
121 48
141 49
126 45
133 40
122 41
183 33
157 46
106 47
80 27
75 29
119 66
178 71
178 71
210 68
126 59
183 59
207 72
174 49
258 72
110 49
169 57
109 49
110 53
129 63
126 48
108 59
141 49
126 45
230 39
163 31
122 41
109 22
91 36
133 35
157 46
106 47
75 28
55 13
176 70
207 72
207 72
151 54
144 51
207 62
260 70
164 63
221 48
154 65
165 52
175 52
115 51
129 63
160 49
158 49
135 65
108 59
147 55
108 47
150 51
106 53
113 44
111 47
79 27
159 38
78 41
100 33
51 7
13 2
204 70
144 51
144 51
207 62
260 70
164 63
221 48
165 52
175 52
129 63
135 65
108 59
147 55
108 47
150 51
79 37
106 53
113 44
111 47
79 27
78 41
100 33
142 49
164 63
164 63
165 52
175 52
108 59
144 40
134 55
141 42
147 55
108 47
150 51
79 37
106 53
111 47
96 26
79 27
159 38
112 25
100 33
81 4
162 60
134 55
134 55
98 49
161 45
81 41
140 34
103 54
72 25
106 27
93 26
129 24
99 34
75 27
66 25
106 23
113 17
56 9
131 54
98 49
98 49
179 46
83 38
138 40
113 43
143 39
139 43
128 33
110 41
103 54
97 36
98 41
100 35
94 16
99 34
66 25
106 23
94 47
126 46
126 46
179 46
83 38
138 40
113 43
143 39
139 43
128 33
110 41
103 54
97 36
100 35
99 34
80 19
66 25
106 23
124 45
298 68
298 68
160 60
149 57
131 60
93 46
133 61
144 45
97 41
111 47
98 44
174 36
100 41
73 36
100 46
78 40
100 36
91 42
98 41
154 43
169 26
65 33
66 26
60 26
94 24
41 9
30 7
325 67
451 76
451 76
411 67
469 73
455 79
416 59
420 66
415 70
318 62
382 57
162 67
321 56
132 57
98 58
401 61
383 54
352 56
305 48
301 63
88 45
89 49
119 34
331 41
315 43
67 18
66 16
446 76
460 62
460 62
525 72
411 67
469 73
430 61
386 51
455 79
390 53
416 59
426 49
472 69
422 60
417 53
404 51
420 66
415 70
378 43
393 61
385 46
451 42
401 61
410 68
352 56
388 50
374 50
340 41
374 45
395 41
309 34
358 38
315 43
274 30
452 61
525 72
525 72
512 62
430 61
439 63
472 69
405 60
397 45
393 61
405 51
183 68
410 68
284 39
365 39
463 41
388 50
374 50
134 58
354 44
395 41
110 36
211 38
263 40
248 23
517 70
512 62
512 62
439 63
472 69
405 60
397 45
405 51
183 68
410 68
284 39
110 46
365 39
134 58
134 49
112 45
354 44
110 36
211 38
103 49
167 41
70 39
248 23
82 26
505 60
439 63
439 63
405 60
183 68
373 47
110 46
210 54
134 58
134 49
112 45
110 36
211 38
103 49
65 26
167 41
70 39
79 29
76 29
82 26
64 25
429 60
373 47
373 47
110 46
152 57
210 54
134 58
134 49
112 45
110 36
211 38
65 26
103 49
167 41
70 39
79 29
76 29
327 18
82 26
64 25
72 23
57 4
56 12
363 45
459 67
459 67
429 40
675 33
389 38
413 37
393 33
394 29
353 39
354 27
392 37
359 28
349 41
335 16
311 21
267 16
253 12
447 66
462 63
462 63
440 54
186 54
176 52
153 58
122 53
348 54
208 62
96 45
96 41
100 45
172 42
109 45
219 39
142 42
168 45
95 38
141 32
88 38
82 38
64 24
59 14
449 62
129 77
129 77
186 54
177 53
176 52
153 58
122 53
112 48
208 62
96 45
96 41
225 39
100 45
109 45
117 40
168 45
95 38
141 32
88 38
86 31
137 32
64 24
179 12
127 76
201 74
201 74
123 71
195 80
145 73
116 73
201 75
185 76
107 63
135 58
134 57
149 60
110 69
108 75
128 83
236 63
139 60
116 68
124 58
173 80
180 66
156 69
132 61
186 63
145 62
134 60
133 61
134 54
166 53
119 67
133 85
179 53
123 51
160 28
144 49
122 42
206 73
123 71
123 71
145 73
116 73
112 69
201 75
108 75
111 69
109 66
173 80
100 63
249 73
111 66
200 59
133 85
106 53
105 56
113 72
118 63
103 56
151 61
106 57
103 50
102 47
106 50
100 52
98 42
125 39
98 43
95 51
88 32
121 69
145 73
145 73
116 73
112 69
201 75
108 75
111 69
109 66
173 80
100 63
249 73
111 66
194 62
200 59
133 85
106 53
105 56
113 72
118 63
103 56
106 57
103 50
102 47
106 50
100 52
98 42
100 42
95 51
98 43
92 36
88 32
143 70
116 73
116 73
108 75
111 69
109 66
249 73
111 66
194 62
200 59
106 53
105 56
113 72
118 63
180 51
106 57
103 50
102 47
106 50
100 52
98 42
125 39
100 42
95 51
92 36
88 32
73 25
112 69
111 69
111 69
111 66
194 62
154 53
134 55
106 53
105 56
113 72
118 63
180 51
103 56
106 57
103 50
102 47
106 50
100 52
125 39
100 42
93 43
95 51
98 43
92 36
84 30
73 25
65 13
75 24
106 65
111 66
111 66
194 62
181 56
154 53
134 55
106 53
105 56
118 63
125 54
184 48
180 51
103 56
151 61
103 50
102 47
106 50
100 52
125 39
96 44
100 42
93 43
98 43
95 51
92 36
73 25
65 13
105 61
185 58
185 58
194 62
181 56
154 53
134 55
106 53
105 56
118 63
184 48
110 42
180 51
103 56
151 61
103 50
106 50
100 52
96 44
100 42
93 43
98 43
92 36
84 30
73 25
75 24
180 58
244 65
244 65
211 55
222 59
166 44
153 42
139 47
192 49
201 47
147 44
168 45
84 41
154 46
83 41
128 51
110 39
96 44
137 48
181 42
158 38
126 29
245 31
170 35
166 36
242 64
153 42
153 42
139 47
201 47
84 41
154 46
83 41
128 51
110 39
125 39
137 48
181 42
158 38
146 29
126 29
170 35
139 47
153 42
139 47
201 47
84 41
154 46
83 41
128 51
110 39
125 39
137 48
181 42
158 38
146 29
126 29
170 35
201 47
153 42
139 47
201 47
84 41
154 46
83 41
128 51
110 39
125 39
137 48
181 42
158 38
146 29
126 29
170 35
196 45
151 53
151 53
154 46
137 42
129 35
128 35
128 51
125 39
137 48
213 35
181 42
158 38
146 29
170 35
147 52
302 65
302 65
202 67
181 60
274 63
273 46
244 44
281 42
271 46
256 46
178 37
231 42
320 43
278 38
208 44
76 46
281 46
150 34
73 42
147 34
130 42
72 28
61 27
301 64
274 63
274 63
239 49
99 53
257 43
110 55
111 51
82 40
70 38
85 37
70 36
183 38
170 42
102 36
88 19
74 33
147 34
72 30
63 28
94 23
93 24
78 33
111 17
58 22
72 13
239 49
274 63
239 49
99 53
257 43
110 55
111 51
82 40
70 38
85 37
70 36
183 38
170 42
102 36
88 19
74 33
147 34
72 30
63 28
94 23
93 24
78 33
111 17
58 22
72 13
240 48
99 53
99 53
257 43
110 55
111 51
82 40
70 38
85 37
70 36
183 38
170 42
102 36
88 19
74 33
72 30
63 28
94 23
93 24
78 33
111 17
58 22
97 51
120 75
120 75
184 73
125 70
100 54
108 71
151 54
95 45
84 44
110 55
89 46
81 36
111 51
88 37
141 46
131 37
106 48
87 41
67 31
77 34
54 15
119 74
165 98
165 98
147 87
140 84
145 86
130 74
151 80
151 81
180 77
178 79
152 68
158 71
153 74
184 73
197 75
131 76
127 64
161 65
123 60
218 84
167 68
138 68
124 74
165 68
122 64
101 58
102 59
114 61
107 59
105 59
113 61
155 64
99 52
123 59
127 47
167 62
105 50
116 49
165 98
136 76
136 76
155 75
137 62
137 62
137 73
144 74
206 74
329 55
170 73
135 69
273 68
142 64
178 63
113 68
106 63
148 83
129 62
120 52
127 61
111 54
106 49
104 45
168 72
126 60
137 36
105 48
100 39
109 49
90 35
135 75
140 68
140 68
129 71
113 77
186 62
137 62
144 74
206 74
104 67
94 58
170 73
135 69
128 73
273 68
142 64
119 52
126 57
111 54
119 65
129 56
110 59
104 48
104 45
124 41
126 60
115 39
98 50
85 32
100 42
109 57
88 37
118 45
138 67
129 71
129 71
111 66
113 77
124 64
177 64
186 62
104 67
179 56
94 58
123 77
113 65
107 61
128 73
102 62
106 61
106 58
122 61
171 62
138 66
97 54
119 65
129 56
97 57
110 59
140 61
171 29
85 32
109 57
79 38
105 36
230 37
78 37
110 45
126 69
137 86
137 86
141 91
111 66
113 77
124 64
167 61
177 64
179 56
123 77
113 65
107 61
106 61
132 66
106 58
122 61
171 62
126 71
138 66
134 73
125 46
97 54
97 57
187 56
140 61
92 43
79 38
107 46
103 37
118 28
110 45
135 85
187 114
187 114
137 84
127 87
139 80
127 83
241 89
206 83
120 83
132 76
116 66
115 71
120 76
120 78
171 74
113 76
105 56
111 64
116 69
126 82
119 75
118 84
103 53
109 70
131 74
121 68
179 85
129 72
117 71
100 54
91 39
104 50
117 54
105 54
86 25
75 17
186 113
137 84
137 84
139 80
127 83
206 83
120 83
132 76
120 66
115 71
120 76
171 74
113 76
108 66
183 68
139 66
137 69
116 69
156 68
111 67
107 62
264 81
109 56
118 62
186 38
137 61
99 54
91 39
117 54
99 47
98 51
135 82
139 80
139 80
127 83
206 83
120 66
254 61
108 66
183 68
139 66
137 69
116 69
156 68
100 61
137 65
120 56
192 58
111 67
107 62
264 81
198 65
118 62
137 56
116 52
137 61
99 54
117 46
179 45
81 37
85 41
98 51
80 34
135 77
127 83
127 83
206 83
120 66
254 61
108 66
183 68
139 66
137 69
116 69
156 68
100 61
137 65
120 56
192 58
111 67
152 47
264 81
198 65
118 62
197 44
137 56
153 37
116 52
122 61
137 61
157 37
117 46
179 45
81 37
126 36
85 41
98 51
123 79
254 61
254 61
137 65
120 56
192 58
202 51
181 50
152 47
127 45
198 65
197 44
137 56
122 61
137 61
157 37
117 46
179 45
81 37
126 36
248 58
202 51
202 51
181 50
152 47
127 45
94 51
95 44
122 61
87 47
124 38
176 48
138 39
118 37
176 35
91 24
126 36
75 31
100 8
82 24
197 49
245 68
245 68
181 50
127 45
94 51
116 44
90 41
95 44
81 43
87 47
158 38
149 39
124 38
64 31
176 48
146 35
138 39
85 40
118 37
176 35
76 39
63 30
75 31
84 28
88 25
244 67
410 47
410 47
407 41
116 44
90 41
95 44
81 43
87 47
322 46
158 38
142 55
149 39
88 41
239 36
146 35
85 40
70 26
76 39
80 34
74 30
99 17
84 28
64 19
408 46
392 36
392 36
407 41
380 36
389 31
374 29
435 27
316 28
332 18
255 13
264 17
237 17
42 12
391 35
414 33
414 33
221 30
255 13
307 14
200 27
141 16
231 21
127 10
97 13
35 4
412 32
150 61
150 61
236 42
152 47
221 30
157 33
133 20
231 21
83 24
142 11
155 14
97 13
85 6
35 4
148 60
121 62
121 62
101 52
103 55
91 48
101 55
95 52
92 46
88 47
105 50
107 49
106 57
97 52
88 40
135 64
77 42
124 71
79 44
112 46
142 43
145 51
90 51
148 53
141 42
88 48
97 40
128 25
120 61
119 79
119 79
118 64
103 60
126 54
108 59
98 52
103 50
108 43
163 67
124 71
187 44
85 45
92 48
93 41
75 39
90 43
84 30
87 27
90 28
48 6
46 11
39 8
117 78
145 61
145 61
109 60
95 50
118 64
92 46
106 51
110 57
98 58
92 47
100 53
108 59
103 50
133 44
87 48
86 48
91 55
111 63
100 41
124 42
93 43
132 55
79 40
82 36
90 43
89 16
143 60
109 60
109 60
111 65
113 61
95 50
96 52
106 54
113 64
91 46
110 57
98 58
118 47
120 40
104 53
124 48
100 53
96 53
87 48
91 44
111 63
86 39
79 40
77 34
78 26
67 29
67 19
107 58
256 66
256 66
111 65
113 61
196 54
96 52
106 54
113 64
105 54
110 57
98 58
118 47
120 40
104 53
124 48
100 53
96 53
84 41
101 48
94 47
90 43
90 35
77 34
61 12
78 26
70 23
67 19
103 9
263 65
168 49
168 49
96 46
120 65
111 47
164 50
169 45
85 41
151 50
168 46
125 38
176 47
78 36
97 44
89 39
152 40
85 38
86 34
65 23
86 26
71 14
169 48
154 49
154 49
96 46
239 49
144 47
205 43
151 50
168 46
95 39
214 39
121 45
176 47
152 40
96 36
86 34
114 33
111 21
71 14
154 48
176 50
176 50
205 48
198 42
150 36
121 35
144 35
114 33
135 35
101 45
228 49
89 35
106 31
104 22
81 14
175 49
150 36
150 36
86 36
121 35
144 35
79 36
114 33
135 35
113 31
228 49
119 31
89 35
140 28
91 36
138 33
68 32
94 23
52 19
81 14
147 34
86 36
86 36
121 35
144 35
114 33
135 35
113 31
228 49
119 31
89 35
106 31
140 28
91 36
138 33
68 32
94 23
82 6
104 22
52 19
83 34
349 58
349 58
343 64
88 44
89 40
105 43
79 37
107 36
73 34
93 33
147 32
95 34
98 40
79 31
91 36
60 10
40 13
348 57
736 79
736 79
453 47
403 54
428 70
419 43
424 58
302 66
343 64
371 43
327 52
359 59
265 44
335 40
307 48
368 37
299 38
310 51
329 38
285 31
229 33
326 27
274 32
235 29
737 78
453 47
453 47
428 70
419 43
416 50
302 66
371 43
359 59
335 40
319 48
307 41
299 38
240 44
251 43
207 26
301 29
326 27
279 29
274 32
226 15
151 6
428 70
453 47
428 70
419 43
416 50
302 66
371 43
359 59
335 40
319 48
307 41
299 38
240 44
251 43
207 26
301 29
326 27
279 29
274 32
226 15
151 6
428 68
110 67
110 67
118 66
101 50
107 58
99 49
135 65
88 43
161 55
88 45
115 45
124 41
84 41
155 48
152 44
77 43
78 42
90 46
95 38
90 37
72 32
62 22
78 32
109 66
181 62
181 62
118 66
102 66
141 52
103 64
88 44
190 52
92 43
109 67
88 45
101 53
92 51
80 34
129 39
91 43
78 36
65 27
70 26
185 61
157 61
157 61
103 48
190 52
139 54
119 50
116 59
140 50
138 54
146 42
83 40
81 49
130 42
106 36
162 27
115 40
173 42
85 28
143 37
65 28
171 27
84 37
75 33
80 24
70 26
152 60
94 48
94 48
132 59
91 50
116 59
94 41
197 40
88 53
179 56
89 49
127 45
98 51
133 34
199 21
68 32
85 29
68 24
71 27
93 47
108 58
108 58
92 59
91 49
85 48
86 50
92 53
88 49
88 53
127 45
83 45
105 47
87 46
279 35
91 53
98 51
88 48
84 45
80 46
83 45
73 36
78 38
76 32
71 34
80 29
106 57
105 52
105 52
182 42
131 44
145 39
108 45
147 39
156 39
86 36
118 20
71 35
73 20
64 24
59 14
103 51
131 46
131 46
182 42
131 67
82 35
131 44
145 39
108 45
109 37
147 39
156 39
86 36
101 44
91 27
87 22
74 26
127 45
131 74
131 74
140 68
164 62
158 65
113 60
148 77
125 59
148 59
138 47
97 47
212 46
101 45
97 49
109 45
129 64
93 44
125 59
108 50
90 49
100 57
99 47
140 45
120 31
87 39
179 42
72 27
81 41
81 24
130 73
194 92
194 92
131 89
206 73
108 56
158 75
155 72
127 71
161 68
159 66
145 53
122 78
178 86
112 60
123 68
148 77
134 56
104 55
104 59
94 56
144 50
129 64
95 50
122 53
164 48
111 53
100 52
98 44
96 37
112 35
87 41
83 27
131 89
194 92
131 89
206 73
108 56
158 75
155 72
127 71
161 68
159 66
145 53
122 78
178 86
112 60
123 68
148 77
134 56
104 55
104 59
94 56
144 50
129 64
95 50
122 53
164 48
111 53
100 52
98 44
96 37
112 35
87 41
83 27
129 88
194 92
194 92
118 66
115 73
161 68
122 78
96 59
123 68
99 62
91 45
104 59
99 60
97 44
100 43
97 44
93 44
88 42
100 49
93 41
95 50
89 43
99 37
84 35
116 27
127 27
72 27
66 21
118 66
194 92
118 66
115 73
161 68
122 78
96 59
123 68
99 62
91 45
104 59
99 60
97 44
100 43
97 44
93 44
88 42
100 49
93 41
95 50
89 43
99 37
84 35
116 27
127 27
72 27
66 21
116 65
115 73
115 73
93 44
116 48
96 52
79 32
75 38
81 28
74 25
69 25
145 21
73 27
70 27
83 24
61 22
53 13
112 71
116 48
116 48
96 52
90 38
79 32
75 38
109 38
81 28
74 25
69 25
145 21
73 27
70 27
83 24
61 22
53 13
113 46
96 52
96 52
145 46
90 38
92 49
125 33
109 38
104 43
81 28
136 25
75 29
73 27
62 12
70 27
60 17
53 13
93 49
95 51
95 51
84 41
77 42
100 41
75 42
92 49
118 53
74 44
129 45
64 34
64 35
102 45
78 43
81 47
70 28
78 29
94 50
386 46
386 46
406 49
96 45
361 41
87 36
89 36
77 31
211 35
80 34
82 32
69 28
81 30
173 30
134 25
66 27
124 27
86 21
58 10
371 45
462 51
462 51
483 51
481 43
478 41
435 44
422 38
384 47
529 36
416 39
395 28
408 38
365 34
349 30
361 41
364 31
377 27
305 25
447 50
457 69
457 69
409 57
474 69
429 48
322 56
416 41
210 57
401 46
292 55
653 49
352 51
326 34
136 49
239 55
145 43
318 40
168 41
299 25
261 31
160 37
158 10
456 68
770 66
770 66
1117 47
792 61
424 50
389 51
701 46
364 62
714 47
250 50
589 47
537 48
348 29
217 32
408 36
765 65
746 50
746 50
893 47
792 61
790 46
303 59
705 42
700 38
718 41
316 49
741 38
709 43
640 35
642 37
702 37
643 33
634 27
287 38
420 31
406 22
235 5
740 49
303 59
303 59
385 54
370 43
348 38
335 54
317 46
319 44
316 49
323 46
250 43
182 51
266 36
298 38
236 38
299 31
246 44
168 42
287 38
149 29
154 42
247 31
298 57
453 66
453 66
317 46
319 44
273 37
249 53
195 41
250 43
182 51
298 38
114 33
208 41
246 44
269 27
112 31
168 42
135 39
287 38
62 32
200 28
60 29
111 34
149 29
154 42
132 28
26 2
447 65
243 65
243 65
157 53
227 53
231 61
244 55
263 50
265 40
93 55
249 53
236 36
248 40
231 42
187 36
229 32
135 56
236 32
234 35
199 20
248 31
242 64
223 62
223 62
102 56
203 60
137 56
217 72
146 59
221 61
185 44
178 57
166 44
140 54
229 55
158 50
143 48
81 41
126 47
166 41
78 37
135 56
146 38
70 33
74 33
143 28
77 23
221 61
102 56
102 56
203 60
137 56
146 59
221 61
185 44
178 57
166 44
140 54
229 55
183 42
158 50
143 48
98 41
81 41
270 39
126 47
235 40
92 43
166 41
78 37
146 38
70 33
143 28
77 23
99 54
203 60
203 60
146 59
221 61
185 44
178 57
166 44
140 54
229 55
183 42
158 50
143 48
98 41
81 41
270 39
126 47
235 40
92 43
166 41
146 38
70 33
77 23
199 57
221 61
221 61
185 44
178 57
166 44
140 54
183 42
158 50
98 41
270 39
126 47
235 40
92 43
166 41
78 37
172 31
99 29
117 33
146 38
74 33
143 28
128 24
217 57
140 54
140 54
183 42
98 41
270 39
235 40
209 51
131 28
90 30
81 38
172 31
99 29
117 33
95 28
74 33
143 28
128 24
135 49
235 40
235 40
209 51
239 41
131 28
90 30
81 38
172 31
187 31
175 27
67 27
117 33
95 28
123 38
102 25
128 24
218 24
64 18
229 35
209 51
209 51
239 41
81 38
187 31
67 27
95 28
123 38
102 25
64 18
200 48
677 59
677 59
379 46
350 45
338 43
382 36
268 39
350 37
328 42
294 33
313 31
198 38
153 34
339 30
283 30
130 27
681 58
852 70
852 70
576 58
477 49
566 69
481 50
524 38
513 54
468 53
532 55
440 46
409 48
531 45
206 52
432 50
416 38
429 35
233 34
180 23
576 58
852 70
576 58
477 49
566 69
481 50
524 38
513 54
468 53
532 55
440 46
409 48
531 45
206 52
432 50
416 38
429 35
233 34
180 23
571 57
538 66
538 66
477 49
566 69
481 50
513 54
468 53
298 44
284 43
532 55
400 49
264 50
235 44
440 46
242 41
409 48
233 40
206 52
432 50
247 37
214 36
233 34
187 28
174 26
129 24
139 29
180 23
477 49
538 66
477 49
566 69
481 50
513 54
468 53
298 44
284 43
532 55
400 49
264 50
235 44
440 46
242 41
409 48
233 40
206 52
432 50
247 37
214 36
233 34
187 28
174 26
129 24
139 29
180 23
472 47
538 66
538 66
566 69
481 50
513 54
468 53
298 44
284 43
400 49
264 50
235 44
440 46
242 41
409 48
233 40
206 52
226 39
432 50
247 37
212 40
214 36
187 28
174 26
129 24
139 29
566 69
538 66
566 69
481 50
513 54
468 53
298 44
284 43
400 49
264 50
235 44
440 46
242 41
409 48
233 40
206 52
226 39
432 50
247 37
212 40
214 36
187 28
174 26
129 24
139 29
481 50
538 66
566 69
481 50
513 54
468 53
298 44
284 43
400 49
264 50
235 44
440 46
242 41
409 48
233 40
206 52
226 39
432 50
247 37
212 40
214 36
187 28
174 26
129 24
139 29
475 47
513 54
513 54
298 44
284 43
400 49
264 50
296 53
235 44
242 41
233 40
206 52
226 39
230 46
432 50
263 38
247 37
184 40
212 40
214 36
133 34
143 25
161 20
298 44
513 54
298 44
284 43
400 49
264 50
296 53
235 44
242 41
233 40
206 52
226 39
230 46
432 50
263 38
247 37
184 40
212 40
214 36
133 34
143 25
161 20
294 41
284 43
284 43
400 49
264 50
296 53
282 51
242 41
189 46
233 40
100 44
226 39
230 46
263 38
299 36
184 40
212 40
214 36
133 34
143 25
279 39
400 49
400 49
296 53
189 46
100 44
226 39
230 46
263 38
127 42
299 36
184 40
212 40
214 36
133 34
143 25
50 12
296 53
400 49
296 53
189 46
100 44
226 39
230 46
263 38
127 42
299 36
184 40
212 40
214 36
133 34
143 25
50 12
290 50
140 59
140 59
144 56
214 57
282 51
125 54
189 46
218 47
143 42
184 43
279 52
100 44
230 46
127 42
139 38
74 36
133 34
95 31
94 32
102 17
76 5
50 12
139 58
145 69
145 69
174 72
191 67
107 64
215 71
111 56
210 58
172 55
133 57
117 65
115 52
124 51
108 53
104 52
136 53
105 63
106 61
124 44
103 58
173 47
133 33
158 57
97 42
110 41
102 40
102 42
98 28
74 18
78 8
144 68
160 83
160 83
119 79
149 70
127 64
108 64
174 72
158 73
146 59
128 63
191 67
100 58
157 65
124 69
128 59
200 60
96 57
205 57
108 49
140 59
97 56
94 51
180 63
117 65
100 58
96 57
95 58
106 61
109 69
158 57
103 55
156 43
103 49
84 45
82 35
73 30
98 43
157 82
102 57
102 57
158 73
101 55
113 63
157 65
93 48
99 56
123 61
102 59
93 46
107 53
115 64
109 53
107 57
118 45
110 57
100 49
104 44
159 49
91 51
84 33
80 35
80 36
86 32
68 29
70 25
53 16
100 56
93 48
93 48
108 69
99 56
123 61
102 59
93 46
115 64
109 53
107 57
118 45
110 57
100 49
120 46
93 50
94 47
159 49
91 51
85 38
80 36
86 32
68 29
70 25
56 12
91 46
108 69
108 69
99 56
102 59
115 64
91 52
109 53
84 40
118 45
110 57
120 46
93 50
94 47
159 49
91 51
85 38
80 36
86 32
68 29
70 25
53 16
56 12
48 15
105 67
108 58
108 58
160 60
105 52
89 50
105 44
86 41
173 49
88 46
107 47
103 43
85 37
73 43
97 48
72 35
72 31
167 19
113 28
107 57
287 76
287 76
172 65
160 60
105 52
163 47
245 62
169 52
211 46
86 43
124 47
107 42
140 56
99 42
116 36
109 48
156 36
100 47
116 34
77 24
113 28
286 75
147 81
147 81
159 60
198 47
156 50
240 61
253 55
226 59
146 52
166 45
106 56
93 48
90 48
255 41
167 43
88 43
91 40
179 37
104 33
184 29
74 32
104 24
202 22
66 22
145 80
140 65
140 65
137 59
137 45
135 50
240 61
125 46
130 55
126 36
133 42
126 44
126 47
117 38
173 44
125 50
95 40
98 43
110 39
113 34
110 32
86 26
90 23
88 28
77 15
81 27
49 9
138 64
318 69
318 69
117 56
86 46
133 58
93 60
101 49
119 47
99 56
86 41
90 41
88 46
116 39
115 51
114 36
94 45
85 39
89 42
87 30
118 38
54 15
74 33
316 68
738 70
738 70
632 69
744 81
706 66
666 83
685 64
720 85
640 62
585 55
635 56
268 49
283 48
502 59
313 49
287 51
382 57
220 49
224 41
186 40
225 38
515 49
360 54
231 39
208 25
325 34
132 33
57 19
101 10
734 69
680 69
680 69
725 74
636 96
707 65
595 77
695 65
725 66
632 69
647 68
673 76
509 72
567 72
677 65
666 83
544 71
574 63
733 65
567 70
495 67
455 54
544 69
539 73
564 83
540 57
466 55
502 75
529 58
531 75
510 68
508 59
382 57
401 70
515 49
360 54
212 45
332 34
676 68
725 74
725 74
636 96
595 77
695 65
647 68
673 76
509 72
567 72
677 65
242 75
544 71
574 63
489 61
733 65
567 70
495 67
544 69
539 73
564 83
466 55
502 75
531 75
210 65
510 68
508 59
401 70
477 53
307 43
429 43
219 47
212 45
138 43
115 31
206 28
720 72
636 96
636 96
595 77
673 76
216 76
509 72
203 75
567 72
242 75
544 71
489 61
567 70
544 69
539 73
564 83
466 55
147 54
531 75
210 65
510 68
508 59
401 70
477 53
130 27
307 43
429 43
138 43
206 28
89 21
88 12
630 93
216 76
216 76
242 75
114 58
220 58
212 43
228 56
315 51
217 59
117 45
115 51
222 49
128 40
236 40
302 38
389 51
192 50
271 28
178 39
162 38
188 34
127 22
157 44
163 34
133 32
54 16
75 13
41 9
211 74
242 75
242 75
220 58
212 43
228 56
315 51
217 59
117 45
253 34
289 42
222 49
236 40
154 20
302 38
389 51
192 50
271 28
178 39
157 44
163 34
133 32
220 58
242 75
220 58
212 43
228 56
315 51
217 59
117 45
253 34
289 42
222 49
236 40
154 20
302 38
389 51
192 50
271 28
178 39
157 44
163 34
133 32
213 56
315 51
315 51
253 34
289 42
222 49
236 40
154 20
302 38
389 51
192 50
271 28
178 39
188 34
177 34
205 30
156 25
163 34
133 32
130 18
125 16
106 14
75 13
307 48
253 34
253 34
289 42
222 49
302 38
192 50
178 39
188 34
177 34
205 30
156 25
221 16
130 18
129 20
125 16
106 14
86 14
246 31
289 42
289 42
177 34
205 30
291 32
324 24
156 25
179 30
129 20
293 38
87 39
87 39
131 46
205 30
291 32
324 24
156 25
109 47
172 31
179 30
129 20
85 17
79 36
207 18
86 14
130 10
84 38
153 68
153 68
97 57
92 44
123 65
83 52
103 46
90 35
131 46
80 43
100 33
118 36
96 28
79 31
109 47
104 37
121 28
79 36
50 18
151 67
175 86
175 86
108 67
94 59
95 49
91 56
112 71
102 60
96 54
98 54
123 65
167 55
96 54
95 50
86 40
90 43
134 46
93 50
80 42
86 40
85 47
96 46
88 44
83 45
86 33
76 37
79 10
108 67
175 86
108 67
94 59
95 49
91 56
112 71
102 60
96 54
98 54
123 65
167 55
96 54
95 50
86 40
90 43
134 46
93 50
80 42
86 40
85 47
96 46
88 44
83 45
86 33
76 37
79 10
107 66
112 71
112 71
98 54
86 42
74 36
82 43
73 35
71 36
98 43
74 42
109 31
82 41
82 43
80 43
76 43
73 38
83 43
77 42
71 41
68 36
68 34
69 35
60 17
57 13
98 54
112 71
98 54
86 42
74 36
82 43
73 35
71 36
98 43
74 42
109 31
82 41
82 43
80 43
76 43
73 38
83 43
77 42
71 41
68 36
68 34
69 35
60 17
57 13
96 52
86 42
86 42
74 36
82 43
73 35
71 36
98 43
74 42
109 31
82 41
82 43
80 43
76 43
73 38
83 43
77 42
71 41
68 36
68 34
65 27
69 35
60 17
57 13
83 40
74 36
74 36
82 43
73 35
71 36
98 43
74 42
109 31
82 41
82 43
80 43
76 43
73 38
83 43
71 41
68 36
68 34
65 27
80 42
69 35
60 17
57 13
71 33
540 44
540 44
494 47
71 36
186 38
204 38
82 41
159 44
76 43
83 43
75 35
85 38
70 32
62 33
80 42
53 24
57 24
38 14
531 43
576 42
576 42
600 74
541 54
593 51
497 40
496 49
484 45
519 39
486 39
295 47
309 44
404 25
278 20
569 41
685 84
685 84
586 90
721 84
548 60
600 74
600 55
593 51
483 53
531 40
486 39
327 30
295 47
373 38
411 45
203 31
425 33
404 25
255 36
179 22
674 83
267 94
267 94
280 80
196 81
191 81
197 78
315 82
156 71
201 79
194 80
209 65
303 76
274 74
234 71
176 67
176 66
238 62
196 66
139 59
219 62
257 82
171 67
232 63
108 65
116 65
313 74
263 62
115 55
157 67
112 61
140 50
265 93
315 82
315 82
303 76
311 86
274 74
234 71
284 58
264 53
395 72
269 61
257 82
271 62
334 69
239 65
257 56
266 54
238 66
264 57
252 60
253 44
253 55
257 59
220 48
236 44
193 44
212 52
246 44
182 56
186 46
169 25
125 34
303 76
315 82
303 76
311 86
274 74
234 71
284 58
264 53
395 72
269 61
257 82
271 62
334 69
239 65
257 56
266 54
238 66
264 57
252 60
253 44
253 55
257 59
220 48
236 44
193 44
212 52
246 44
182 56
186 46
169 25
125 34
311 86
315 82
303 76
311 86
274 74
234 71
284 58
264 53
395 72
269 61
257 82
271 62
334 69
239 65
257 56
266 54
238 66
264 57
252 60
253 44
253 55
257 59
220 48
236 44
193 44
212 52
246 44
182 56
186 46
169 25
125 34
308 85
351 80
351 80
331 90
259 57
240 50
290 57
269 61
235 45
300 55
318 60
200 63
270 53
264 57
252 60
211 43
173 38
232 46
159 39
181 38
192 36
234 33
183 39
246 44
200 38
150 28
95 9
357 79
240 76
240 76
290 57
318 60
121 52
200 63
119 39
206 45
227 63
144 50
166 46
154 42
263 45
103 45
155 47
86 42
153 41
81 44
137 34
145 29
82 35
81 5
39 6
290 57
240 76
290 57
318 60
121 52
200 63
119 39
206 45
227 63
144 50
166 46
154 42
263 45
103 45
155 47
86 42
153 41
81 44
137 34
145 29
82 35
81 5
39 6
289 55
240 76
240 76
121 52
200 63
119 39
206 45
227 63
144 50
166 46
154 42
263 45
103 45
155 47
86 42
128 55
153 41
81 44
137 34
145 29
82 35
121 52
240 76
121 52
200 63
119 39
206 45
227 63
144 50
166 46
154 42
263 45
103 45
155 47
86 42
128 55
153 41
81 44
137 34
145 29
82 35
119 50
165 66
165 66
193 49
123 41
133 40
112 41
111 50
126 54
128 55
138 44
106 35
77 36
166 51
118 47
83 37
181 39
89 27
72 26
103 31
61 27
74 27
164 65
160 60
160 60
138 67
195 65
128 49
249 60
109 52
113 54
148 53
114 43
239 46
82 43
129 53
118 44
129 46
93 42
126 53
86 27
83 38
100 23
102 40
105 36
89 32
78 22
156 59
400 64
400 64
368 73
135 70
195 65
296 59
136 51
129 48
181 55
104 50
230 51
190 50
127 50
135 51
115 53
162 64
137 63
88 49
149 52
174 45
90 47
134 46
105 48
241 48
126 53
90 55
89 40
87 44
68 29
397 63
368 73
368 73
135 70
296 59
181 55
135 53
190 50
90 52
595 30
170 53
158 50
162 64
137 63
152 48
134 46
120 39
241 48
90 55
183 35
127 28
135 70
368 73
135 70
296 59
181 55
135 53
190 50
90 52
595 30
170 53
158 50
162 64
137 63
152 48
134 46
120 39
241 48
90 55
183 35
127 28
129 68
236 59
236 59
274 48
210 48
186 47
135 53
90 52
170 53
158 50
162 64
243 46
105 39
137 63
152 48
111 39
74 36
241 48
96 46
90 55
183 35
155 13
232 58
150 74
150 74
213 66
159 50
154 70
125 66
147 53
93 49
155 57
111 49
101 46
149 60
129 55
146 52
79 38
104 43
96 57
142 42
101 16
164 32
145 73
217 66
217 66
153 65
164 57
106 59
181 54
130 57
125 58
213 66
211 59
93 55
179 49
111 64
154 70
125 66
96 55
142 52
147 53
126 50
174 42
121 63
155 57
101 46
149 60
168 60
146 52
112 54
98 53
87 45
84 38
84 50
96 57
118 38
142 42
80 33
69 22
164 32
212 65
149 71
149 71
153 65
106 65
110 55
120 61
149 62
101 59
185 58
99 47
109 53
111 64
102 52
99 65
117 62
121 63
115 49
100 54
81 45
112 54
100 44
95 34
81 40
89 42
74 34
148 70
130 64
130 64
123 62
93 48
110 58
88 44
109 60
99 47
97 49
92 51
100 52
90 41
87 43
78 35
95 34
69 23
97 11
57 15
127 63
200 65
200 65
127 60
123 62
140 55
153 55
176 53
93 48
152 54
110 58
109 60
146 51
92 53
92 51
100 52
92 49
210 55
99 49
97 46
73 44
96 47
102 25
101 43
93 34
121 35
66 11
60 20
197 64
210 60
210 60
242 74
137 64
89 41
218 54
94 57
146 57
119 52
97 55
111 52
80 39
83 37
109 50
78 40
97 48
88 43
80 45
163 48
86 52
97 46
110 41
105 34
106 31
84 43
125 50
158 38
141 44
47 8
208 59
242 74
242 74
137 64
89 41
94 57
181 37
146 57
119 52
87 38
111 52
80 39
83 37
78 40
97 48
116 45
88 43
80 45
163 48
73 36
114 36
105 34
61 22
64 23
244 72
143 51
143 51
132 46
100 40
116 45
104 37
85 35
94 49
104 31
116 42
64 35
107 37
58 19
79 31
57 20
62 17
81 2
148 50
138 33
138 33
94 49
74 37
114 27
74 39
63 30
85 39
64 35
110 41
65 28
95 26
75 29
68 25
64 22
50 20
139 32
70 35
70 35
115 36
67 35
74 39
63 30
83 28
155 30
95 26
68 25
54 24
64 31
40 13
29 5
33 10
68 34
114 65
114 65
81 42
73 33
72 35
85 34
71 35
115 36
67 35
99 24
65 27
75 26
62 26
61 24
64 21
25 6
112 64
162 91
162 91
138 62
97 64
137 48
136 83
105 62
113 68
133 47
99 60
105 52
101 53
112 55
131 43
85 49
102 48
78 41
80 43
97 59
77 43
101 64
114 38
79 36
76 27
65 23
161 90
175 103
175 103
152 90
150 84
170 91
151 94
154 98
130 78
140 76
157 88
129 81
116 79
140 82
134 75
157 70
129 78
117 64
121 63
103 63
129 79
116 59
129 80
112 65
117 66
124 63
126 71
158 65
123 52
94 47
82 36
175 102
141 83
141 83
140 78
156 81
136 80
126 73
137 76
151 94
199 86
126 68
168 61
201 77
140 79
209 70
121 61
288 69
115 64
118 68
130 67
133 66
139 80
119 64
108 61
127 73
111 58
120 69
112 65
124 70
116 62
110 54
121 37
94 47
104 48
77 35
78 27
139 82
140 78
140 78
156 81
136 80
126 73
137 76
199 86
126 68
168 61
201 77
140 79
209 70
121 61
124 57
115 64
118 68
130 67
133 66
139 80
119 64
129 65
121 57
108 61
127 73
111 58
117 54
124 70
116 62
110 54
100 46
94 47
104 48
98 39
77 35
138 76
137 76
137 76
199 86
508 88
328 56
124 57
264 73
133 66
312 62
129 65
121 57
97 52
108 49
159 54
127 73
117 54
102 47
258 50
111 53
252 58
204 48
96 47
106 43
163 43
89 33
98 39
134 73
199 86
199 86
328 56
124 57
264 73
133 66
312 62
129 65
97 52
108 49
159 54
127 73
117 54
332 52
102 47
258 50
111 53
252 58
204 48
96 47
106 43
163 43
89 33
98 39
94 20
195 82
419 84
419 84
371 64
508 88
328 56
264 73
257 58
329 52
344 44
312 62
159 54
279 58
332 52
102 47
258 50
213 48
252 58
204 48
96 47
287 49
249 47
80 37
206 39
288 26
163 43
150 40
94 20
413 83
320 82
320 82
319 71
188 65
92 56
100 55
102 47
146 67
94 52
147 70
238 69
128 53
90 59
122 53
88 53
160 47
86 50
145 46
98 58
88 45
80 46
102 46
86 48
83 48
129 49
121 29
77 36
310 81
563 111
563 111
290 74
287 70
276 61
273 60
265 52
250 67
264 56
276 63
243 60
273 54
279 69
248 61
303 56
300 63
270 50
257 46
251 51
179 55
261 43
186 63
262 48
248 44
247 43
212 46
194 34
124 23
290 74
563 111
290 74
287 70
276 61
273 60
265 52
250 67
264 56
276 63
243 60
273 54
279 69
248 61
303 56
300 63
270 50
257 46
251 51
179 55
261 43
186 63
262 48
248 44
247 43
212 46
194 34
124 23
282 74
353 87
353 87
340 92
295 75
395 81
281 83
157 76
122 70
183 72
160 83
155 59
109 60
228 58
258 81
113 56
221 74
251 59
112 54
117 49
127 63
253 52
212 58
180 55
120 53
236 67
122 48
146 26
138 48
146 23
343 88
340 92
340 92
157 76
122 70
183 72
160 83
109 60
113 56
221 74
101 53
89 52
130 52
216 54
94 58
83 47
160 55
116 55
211 54
162 37
107 42
84 46
87 38
110 40
122 48
89 40
102 44
100 43
124 43
99 38
83 37
82 34
146 23
157 76
340 92
157 76
122 70
183 72
160 83
109 60
113 56
221 74
101 53
89 52
130 52
216 54
94 58
83 47
160 55
116 55
211 54
162 37
107 42
84 46
87 38
110 40
122 48
89 40
102 44
100 43
124 43
99 38
83 37
82 34
146 23
154 74
183 72
183 72
160 83
89 52
130 52
216 54
94 58
83 47
160 55
116 55
121 38
100 50
108 52
107 42
143 36
110 40
102 44
124 43
75 36
71 29
70 26
83 37
66 21
179 69
89 52
89 52
94 58
83 47
160 55
121 38
100 50
108 52
107 42
143 36
110 40
102 44
124 43
79 28
75 36
71 29
80 30
70 26
83 37
66 21
57 15
86 49
121 38
121 38
100 50
108 52
143 36
124 39
79 28
75 36
71 29
80 30
70 26
75 27
83 30
83 37
66 21
68 24
57 15
81 23
100 50
121 38
100 50
108 52
143 36
124 39
79 28
75 36
71 29
80 30
70 26
75 27
83 30
83 37
66 21
68 24
57 15
81 23
96 47
108 52
108 52
85 46
81 40
91 34
124 39
79 28
118 38
75 27
83 30
114 25
68 24
75 31
95 24
81 23
72 15
57 14
85 46
108 52
85 46
81 40
91 34
124 39
79 28
118 38
75 27
83 30
114 25
68 24
75 31
95 24
81 23
72 15
57 14
83 45
117 55
117 55
131 65
130 59
100 50
92 43
121 37
81 46
93 48
82 42
93 47
85 43
82 32
73 27
67 23
75 31
139 22
65 15
116 54
245 78
245 78
105 58
106 58
88 52
113 63
95 57
90 52
106 55
89 47
100 50
87 54
93 48
145 44
216 66
84 39
93 48
101 52
83 44
85 39
93 52
94 42
95 51
85 46
84 46
86 36
81 35
80 30
65 25
245 77
138 81
138 81
142 83
173 72
156 99
131 69
131 68
190 57
158 93
134 78
128 73
118 73
146 72
107 59
146 89
129 69
109 52
125 60
113 69
109 63
134 50
111 64
117 57
114 50
86 39
114 54
104 43
95 30
107 42
96 46
95 37
79 31
137 80
162 87
162 87
210 85
161 83
186 90
185 89
152 77
131 77
156 75
163 80
191 73
142 79
242 74
175 71
158 88
160 74
160 68
164 66
174 74
146 68
146 73
151 82
167 88
134 66
139 65
139 62
132 63
147 79
150 72
132 67
143 49
124 56
128 49
160 86
204 100
204 100
210 85
161 83
186 90
191 83
185 89
152 77
156 75
163 80
191 73
149 73
242 74
187 79
149 66
175 71
158 88
160 74
148 74
153 72
131 63
166 70
164 66
174 74
151 82
167 88
149 67
134 66
139 62
132 63
150 72
132 67
124 56
131 55
114 51
144 39
202 99
109 65
109 65
92 46
91 47
89 42
94 43
102 41
142 53
120 42
115 47
97 40
103 38
100 34
127 38
94 32
79 48
93 31
80 38
78 30
82 29
59 18
63 27
70 27
55 19
31 8
108 64
107 67
107 67
173 63
98 55
82 42
100 50
85 44
81 41
83 46
75 42
88 43
81 45
162 44
82 43
80 43
78 38
83 41
82 42
78 44
77 38
97 54
74 39
71 32
74 38
78 33
52 26
73 32
64 15
106 66
142 74
142 74
132 73
497 72
127 50
99 49
119 68
119 56
183 63
92 42
93 38
80 39
87 37
87 40
83 39
88 31
88 38
88 39
86 42
77 36
97 54
83 32
78 29
74 30
75 26
145 77
132 73
132 73
545 68
569 55
497 72
512 53
102 54
555 71
530 55
457 62
531 59
601 61
533 52
481 62
99 54
101 60
119 68
449 55
449 55
444 68
467 54
459 59
473 56
478 47
92 52
137 59
322 48
392 51
418 43
77 42
178 37
114 40
176 39
356 39
398 30
278 33
165 29
236 22
65 18
130 71
545 68
545 68
569 55
497 72
512 53
102 54
555 71
530 55
457 62
531 59
601 61
533 52
481 62
99 54
101 60
119 68
449 55
444 68
467 54
459 59
473 56
478 47
92 52
137 59
322 48
392 51
418 43
77 42
178 37
114 40
176 39
356 39
213 34
278 33
65 18
543 67
569 55
569 55
512 53
555 71
530 55
457 62
531 59
601 61
507 65
533 52
481 62
449 55
444 68
467 54
469 65
459 59
473 56
478 47
322 48
392 51
418 43
114 40
356 39
398 30
351 27
283 25
278 33
156 29
165 29
236 22
567 52
555 71
555 71
457 62
531 59
507 65
449 55
467 54
527 54
469 65
534 38
473 56
430 45
114 40
351 27
213 34
283 25
156 29
184 26
165 29
227 19
236 22
551 67
114 63
114 63
527 54
469 65
153 54
183 50
78 48
87 51
91 48
76 42
116 37
96 47
73 45
73 24
67 40
184 26
156 25
112 62
85 46
85 46
107 65
107 59
94 49
115 44
81 47
83 39
101 56
128 46
80 41
76 40
80 40
78 45
77 43
85 36
74 31
83 38
77 32
63 22
83 45
107 65
107 65
107 59
94 49
115 44
81 47
83 39
101 56
128 46
80 41
76 40
80 40
78 45
77 43
81 34
85 36
74 31
77 32
63 22
65 25
105 63
106 59
106 59
103 44
90 48
89 41
76 39
82 41
82 37
84 41
100 45
132 35
97 41
103 35
65 28
70 35
77 32
120 17
64 28
60 24
58 12
46 7
105 58
121 38
121 38
87 49
79 44
88 47
79 41
125 47
118 41
78 37
77 41
154 40
107 43
94 35
95 43
78 35
75 36
148 37
83 38
73 35
69 30
62 22
120 37
87 49
87 49
79 44
88 47
79 41
154 40
95 43
75 36
73 35
73 32
73 26
70 25
62 22
53 18
54 13
79 44
87 49
79 44
88 47
79 41
154 40
95 43
75 36
73 35
73 32
73 26
70 25
62 22
53 18
54 13
88 47
87 49
79 44
88 47
79 41
154 40
95 43
75 36
73 35
73 32
73 26
70 25
62 22
53 18
54 13
86 45
431 71
431 71
154 48
109 51
77 41
79 41
84 38
77 38
155 36
95 43
75 36
73 32
79 23
57 19
57 14
44 10
425 70
628 56
628 56
508 70
581 63
411 67
518 56
470 51
558 68
557 68
497 62
472 61
498 56
500 58
466 56
528 69
532 58
511 54
422 56
497 57
508 49
416 63
357 46
450 65
466 46
481 43
454 41
107 64
381 41
275 42
418 46
463 47
369 41
382 42
253 25
634 55
508 70
508 70
581 63
241 61
411 67
123 58
518 56
558 68
547 55
472 61
124 55
123 60
498 56
98 53
536 70
528 69
569 55
89 53
454 54
422 56
424 52
497 57
139 49
474 66
94 52
183 50
443 50
97 52
378 40
337 46
506 68
293 65
293 65
123 58
558 68
124 55
123 60
131 51
536 70
528 69
109 49
569 55
139 49
201 78
103 50
251 58
105 50
163 57
94 52
183 50
323 51
97 52
94 38
123 35
337 46
197 33
285 64
335 58
335 58
280 63
392 60
367 58
413 50
285 48
201 78
333 50
251 58
387 49
377 41
323 51
356 45
237 40
297 39
232 36
220 29
197 33
108 30
274 18
327 57
148 43
148 43
122 48
143 35
147 50
135 46
255 41
344 42
160 50
382 46
111 38
86 42
122 31
67 24
207 35
119 31
185 36
144 42
414 74
414 74
96 54
122 48
94 52
147 50
211 41
334 54
135 46
83 39
255 41
105 51
160 50
111 38
84 41
86 42
122 31
84 41
67 24
89 29
119 31
411 73
428 68
428 68
402 60
399 62
380 49
370 46
375 52
370 46
347 47
364 51
346 44
334 54
364 45
455 32
311 42
322 37
291 37
289 40
313 29
192 30
163 29
284 24
169 20
427 67
157 95
157 95
393 61
146 68
126 71
107 61
172 70
117 64
110 66
123 74
131 64
190 80
139 40
120 54
130 62
132 65
121 70
119 54
184 57
117 67
153 44
108 62
119 63
101 48
100 51
102 41
93 42
84 37
87 41
122 38
87 30
72 22
76 30
156 94
245 69
245 69
182 78
187 50
117 47
203 67
96 51
196 59
104 52
138 59
184 41
89 38
95 39
142 40
86 38
156 43
151 38
92 34
79 33
240 68
363 65
363 65
245 71
279 63
182 50
225 55
235 51
209 57
249 50
227 49
290 76
195 61
258 48
236 54
251 46
214 59
203 67
178 47
178 47
230 35
248 58
189 44
159 44
128 43
111 23
97 43
128 32
359 64
245 71
245 71
190 61
247 73
139 61
191 54
138 58
136 67
152 58
150 50
140 53
130 52
128 67
174 53
203 53
108 60
100 55
126 54
98 37
248 58
110 45
114 50
88 44
105 43
76 32
74 31
97 43
69 22
242 70
247 73
247 73
139 61
191 54
138 58
136 67
152 58
181 59
150 50
140 53
128 67
156 72
203 53
108 60
120 50
100 55
126 54
110 45
195 44
114 50
88 44
105 43
127 39
80 44
167 45
251 71
155 74
155 74
139 53
144 57
147 61
134 50
139 57
144 57
130 53
146 51
181 59
156 72
120 50
132 47
129 47
145 48
140 63
195 44
121 39
119 40
109 47
106 41
95 38
73 30
153 73
95 60
95 60
267 72
178 66
113 71
103 66
152 62
149 65
137 64
136 62
110 71
141 64
95 48
94 56
142 45
125 48
94 47
122 42
113 46
96 43
103 39
90 45
80 37
120 37
145 27
108 34
83 42
90 38
84 42
114 32
94 59
129 73
129 73
128 67
103 66
124 58
99 61
139 57
97 59
219 86
151 58
103 58
155 65
117 66
93 57
108 52
97 52
106 57
110 57
111 57
88 46
119 51
145 48
93 44
76 30
75 30
72 25
75 23
88 13
128 72
149 98
149 98
228 83
114 75
125 79
127 81
117 77
118 70
124 73
116 68
115 69
120 70
117 69
110 69
122 63
107 61
140 62
114 64
120 69
103 48
101 55
116 55
162 29
91 43
147 97
183 77
183 77
228 83
209 82
167 75
125 79
127 81
117 77
118 70
207 82
183 69
208 76
124 73
116 68
115 69
184 107
147 74
248 77
144 64
106 63
166 72
198 77
153 66
188 70
160 63
194 66
103 66
208 78
102 63
114 64
104 61
102 64
105 60
108 67
110 60
132 57
126 60
130 42
93 52
87 43
93 47
88 43
87 43
90 40
85 34
181 76
207 82
207 82
183 69
208 76
282 54
215 63
198 77
257 51
194 66
193 48
163 39
183 45
371 54
292 49
189 47
170 40
165 39
126 60
150 42
160 23
59 8
205 80
215 63
215 63
257 51
341 45
354 57
311 47
381 43
317 41
221 40
371 54
292 49
282 49
211 48
302 39
338 37
348 41
262 40
123 28
178 35
133 34
137 26
166 25
130 32
59 9
212 61
257 51
257 51
341 45
354 57
311 47
381 43
268 51
317 41
371 54
292 49
282 49
211 48
302 39
338 37
348 41
245 45
262 40
123 28
309 36
178 35
133 34
166 25
265 48
341 45
341 45
354 57
311 47
381 43
268 51
317 41
292 49
282 49
211 48
302 39
338 37
348 41
123 28
178 35
133 34
137 26
166 25
130 32
330 42
311 47
311 47
322 56
276 51
268 51
257 41
282 49
211 48
287 41
311 55
258 50
245 42
245 45
262 40
158 34
309 36
133 34
166 27
181 20
59 9
322 56
311 47
322 56
276 51
268 51
257 41
282 49
211 48
287 41
311 55
258 50
245 42
245 45
262 40
158 34
309 36
133 34
166 27
181 20
59 9
311 55
114 59
114 59
113 58
311 55
258 50
119 55
118 60
149 35
164 66
106 48
210 43
93 35
107 53
117 36
117 48
77 25
110 34
96 39
181 20
113 58
118 74
118 74
113 65
151 62
111 68
149 59
115 62
127 76
115 54
99 50
164 66
168 67
100 59
120 64
108 62
127 56
105 59
115 55
117 58
101 59
108 51
101 60
111 52
110 51
111 45
86 38
114 57
86 41
91 45
84 29
75 24
76 21
116 73
111 68
111 68
127 66
107 54
127 76
179 50
109 56
118 50
97 50
121 56
162 49
152 49
89 47
100 59
150 38
125 39
127 56
101 53
101 60
85 36
88 42
77 35
119 34
109 66
127 66
127 66
113 50
99 50
179 50
97 50
162 49
152 49
85 46
150 38
125 39
77 34
127 56
79 35
85 36
78 37
88 42
74 29
77 35
119 34
55 18
86 26
58 7
31 4
123 65
81 50
81 50
82 49
86 52
113 50
113 50
99 50
93 40
162 49
85 52
85 46
86 36
77 34
79 33
83 42
74 29
64 23
85 20
34 7
82 50
77 48
77 48
86 52
93 56
92 58
77 49
73 45
88 51
83 46
78 47
94 54
104 41
77 44
76 43
72 41
73 35
81 52
76 31
95 25
92 48
71 33
72 40
70 39
84 45
68 36
62 23
90 12
65 14
75 47
92 58
92 58
88 46
77 49
73 45
88 51
76 39
94 54
104 41
77 44
72 41
73 35
81 52
76 40
70 34
92 48
108 49
84 45
68 36
78 37
70 27
90 56
78 40
78 40
94 46
78 36
75 43
84 46
89 38
81 42
106 41
74 33
108 49
85 37
71 37
79 25
69 32
69 23
53 15
59 18
77 39
83 43
83 43
92 49
80 40
94 46
78 36
126 36
80 39
106 41
72 31
85 37
113 33
73 35
79 25
68 29
77 30
88 26
63 22
42 14
52 12
81 42
138 60
138 60
529 14
92 49
80 40
126 36
80 39
86 46
76 36
81 36
90 41
73 35
99 26
68 29
62 27
101 27
73 29
55 16
48 11
529 14
138 60
529 14
92 49
80 40
126 36
80 39
86 46
76 36
81 36
90 41
73 35
99 26
68 29
62 27
101 27
73 29
55 16
48 11
92 49
138 60
529 14
92 49
80 40
126 36
80 39
86 46
76 36
81 36
90 41
73 35
99 26
68 29
62 27
101 27
73 29
55 16
48 11
89 47
138 60
138 60
86 46
76 36
81 36
90 41
72 25
69 24
74 26
77 27
101 27
73 29
50 16
54 14
86 46
138 60
86 46
76 36
81 36
90 41
72 25
69 24
74 26
77 27
101 27
73 29
50 16
54 14
83 44
89 44
89 44
72 37
68 30
74 33
66 32
80 35
90 41
83 37
74 36
68 29
85 34
61 19
59 25
60 27
184 23
40 14
52 13
49 14
88 43
153 52
153 52
87 54
87 52
105 49
84 49
80 45
105 59
152 51
99 56
124 49
113 37
109 25
77 33
80 39
79 31
89 26
67 25
72 33
73 24
64 19
151 51
101 65
101 65
156 75
143 58
113 63
150 54
128 52
94 55
95 55
145 53
108 48
172 58
130 58
105 49
147 51
124 49
96 58
102 69
121 55
103 55
164 30
157 45
91 51
76 37
74 35
117 31
82 47
70 22
100 64
255 76
255 76
113 63
127 79
194 67
96 49
126 50
97 49
178 47
91 57
118 49
98 49
150 50
102 69
112 59
87 49
113 52
85 51
78 39
78 40
90 44
81 41
86 48
94 42
77 43
76 26
70 20
113 63
255 76
113 63
127 79
194 67
96 49
126 50
97 49
178 47
91 57
118 49
98 49
150 50
102 69
112 59
87 49
113 52
85 51
78 39
78 40
90 44
81 41
86 48
94 42
77 43
76 26
70 20
111 61
255 76
255 76
127 79
194 67
96 49
97 49
91 57
118 49
98 49
150 50
102 69
112 59
87 49
113 52
85 51
78 39
90 44
86 48
94 42
77 43
76 26
78 32
127 79
255 76
127 79
194 67
96 49
97 49
91 57
118 49
98 49
150 50
102 69
112 59
87 49
113 52
85 51
78 39
90 44
86 48
94 42
77 43
76 26
78 32
125 77
264 67
264 67
119 63
330 80
108 60
99 57
85 53
105 59
93 46
99 55
176 48
102 53
96 54
99 53
86 49
202 64
112 51
91 56
86 53
150 47
84 48
123 34
115 46
101 49
96 54
82 43
86 43
82 41
101 40
65 38
89 30
68 33
260 66
308 54
308 54
285 54
301 58
333 57
294 56
226 62
302 57
323 51
323 47
311 50
340 54
291 49
240 59
293 49
334 45
258 51
258 54
248 52
215 44
231 36
256 38
187 44
221 34
267 41
157 40
68 22
299 53
390 61
390 61
301 58
310 59
294 56
226 62
302 57
179 60
241 65
129 66
240 59
116 50
219 57
102 45
258 51
254 57
262 45
158 49
248 52
337 46
250 39
218 46
234 42
151 35
391 60
146 88
146 88
114 63
310 59
179 60
118 55
241 65
129 66
116 50
219 57
123 58
102 45
254 57
262 45
106 41
158 49
337 46
207 47
142 37
103 50
100 42
110 38
103 29
93 33
166 37
85 22
107 14
134 17
144 87
150 51
150 51
118 68
127 79
130 69
104 59
159 60
142 76
113 64
108 55
147 57
103 61
120 63
105 53
118 58
107 56
108 54
93 47
104 57
107 47
105 48
94 45
112 53
96 46
85 34
81 33
66 12
149 50
104 54
104 54
108 55
112 57
147 57
118 58
117 70
101 47
97 45
93 47
107 47
107 63
116 53
107 54
89 35
94 45
115 37
91 38
103 53
151 70
151 70
106 56
107 55
111 59
137 81
100 56
144 56
96 53
88 52
115 55
98 46
97 55
105 59
107 54
106 52
95 46
91 46
90 47
105 52
98 47
82 46
140 33
99 43
84 27
93 39
79 34
77 27
62 24
60 14
106 56
151 70
106 56
107 55
111 59
137 81
100 56
144 56
96 53
88 52
115 55
98 46
97 55
105 59
107 54
106 52
95 46
91 46
90 47
105 52
98 47
82 46
140 33
99 43
84 27
93 39
79 34
77 27
62 24
60 14
106 55
97 46
97 46
96 53
105 54
145 58
90 47
179 70
119 51
170 44
97 50
98 46
84 40
146 51
82 37
137 44
100 42
60 15
59 16
96 45
387 76
387 76
90 47
179 70
119 51
228 51
86 47
87 44
98 46
153 36
90 45
84 40
91 47
93 42
137 44
79 35
100 42
80 39
73 32
96 37
98 39
125 35
82 32
72 31
376 75
375 80
375 80
374 67
389 61
340 83
313 50
328 59
341 66
299 47
297 59
333 67
228 52
321 45
330 48
251 47
281 45
309 43
215 51
264 42
257 40
155 34
175 21
182 26
85 18
368 79
362 66
362 66
152 55
362 60
108 56
340 83
115 55
107 59
116 59
332 52
300 55
198 57
117 57
184 57
254 50
244 57
91 58
94 47
124 53
162 50
106 44
209 49
290 52
90 52
109 45
79 50
99 40
88 44
195 33
75 39
350 65
152 55
152 55
362 60
108 56
115 55
107 59
116 59
118 56
198 57
85 49
117 57
165 51
184 57
125 49
143 42
101 48
91 58
94 47
124 53
87 50
182 51
162 50
106 44
134 40
115 44
119 46
90 52
109 45
79 50
136 38
88 44
174 34
79 42
75 39
152 53
115 55
115 55
118 56
85 49
165 51
125 49
143 42
101 48
87 50
182 51
86 35
134 40
115 44
119 46
95 40
136 38
105 38
174 34
79 42
75 39
118 56
115 55
118 56
85 49
165 51
125 49
143 42
101 48
87 50
182 51
86 35
134 40
115 44
119 46
95 40
136 38
105 38
174 34
79 42
75 39
115 54
153 75
153 75
100 39
98 41
139 37
93 39
102 46
95 40
105 38
90 36
153 74
188 85
188 85
140 87
128 77
146 77
128 72
141 78
122 65
119 72
114 70
109 66
104 62
109 60
108 60
107 62
208 48
140 77
119 56
114 59
112 57
376 66
117 54
124 70
147 53
96 54
106 54
112 58
111 49
109 57
96 50
116 51
99 50
92 44
101 48
85 37
82 34
187 84
789 64
789 64
737 62
767 60
656 81
689 54
140 77
561 49
518 69
564 45
588 40
557 39
161 42
226 62
108 36
104 56
98 55
204 43
93 45
93 41
102 53
97 45
92 37
96 41
139 28
165 21
74 22
89 37
776 63
791 70
791 70
727 64
627 68
739 53
648 59
659 53
642 53
641 42
703 48
713 51
648 46
533 47
503 47
571 47
306 45
577 50
636 47
413 44
518 47
541 39
488 41
520 50
620 41
474 52
273 36
277 41
74 37
247 34
303 25
235 16
777 69
538 95
538 95
396 82
558 84
362 88
136 70
469 76
122 67
117 64
325 60
127 63
128 62
125 59
115 58
236 66
129 70
648 59
102 51
335 65
101 51
713 51
96 37
100 42
109 35
474 52
85 39
95 33
200 36
527 94
554 95
554 95
605 98
604 84
623 90
584 88
489 105
559 73
511 89
601 70
573 73
527 71
389 67
505 81
548 73
574 92
487 78
507 68
525 73
414 67
377 80
352 66
483 72
411 77
454 74
348 71
290 90
461 60
453 64
601 82
551 60
463 56
158 54
284 51
225 60
286 43
214 46
219 38
175 33
545 94
605 98
605 98
584 88
161 85
511 89
601 70
389 67
193 77
574 92
195 70
248 66
525 73
183 72
157 71
118 75
228 73
164 65
143 72
483 72
149 75
196 65
170 77
179 73
411 77
348 71
290 90
142 62
115 65
121 62
109 55
118 66
130 64
101 47
589 96
193 77
193 77
183 72
216 70
118 75
195 76
164 65
109 64
143 72
149 75
151 67
176 73
170 77
136 63
194 60
118 67
179 73
290 90
174 69
148 61
113 57
109 56
144 58
128 57
190 50
119 53
161 49
130 64
99 45
104 43
126 26
92 14
101 47
90 33
89 33
183 72
193 77
183 72
216 70
118 75
195 76
164 65
109 64
143 72
149 75
151 67
176 73
170 77
136 63
194 60
118 67
179 73
290 90
174 69
148 61
113 57
109 56
144 58
128 57
190 50
119 53
161 49
130 64
99 45
104 43
126 26
92 14
101 47
90 33
89 33
181 70
216 70
216 70
118 75
195 76
164 65
109 64
143 72
151 67
176 73
136 63
194 60
118 67
174 69
148 61
113 57
109 56
121 48
144 58
128 57
119 53
148 38
130 64
104 43
126 26
90 33
89 33
211 68
151 67
151 67
176 73
136 63
118 67
148 61
111 37
233 52
121 48
144 58
128 57
119 53
148 45
102 40
148 38
156 38
162 28
121 33
91 34
131 31
104 43
106 31
88 25
95 12
70 16
148 64
233 52
233 52
114 50
148 45
156 38
94 38
114 27
104 43
97 28
73 30
79 32
88 25
65 25
230 50
261 52
261 52
244 42
114 50
163 33
186 31
97 28
73 30
74 24
72 21
70 20
63 15
88 12
63 9
48 12
45 8
40 11
39 7
255 51
268 61
268 61
262 54
262 60
236 54
257 53
254 44
127 44
243 43
227 52
257 69
411 60
247 64
190 54
259 48
234 48
244 52
213 42
187 44
136 59
227 30
208 44
194 24
169 27
178 38
140 35
260 60
262 54
262 54
262 60
236 54
127 44
257 69
102 61
95 47
104 54
236 46
104 46
95 47
244 52
90 50
188 52
106 50
93 49
190 46
84 41
113 56
93 50
92 42
96 51
208 44
284 29
89 8
262 60
262 54
262 60
236 54
127 44
257 69
102 61
95 47
104 54
236 46
104 46
95 47
244 52
90 50
188 52
106 50
93 49
190 46
84 41
113 56
93 50
92 42
96 51
208 44
284 29
89 8
254 58
236 54
236 54
127 44
257 69
102 61
95 47
104 54
236 46
104 46
95 47
244 52
90 50
188 52
106 50
93 49
190 46
113 56
93 50
92 42
96 51
208 44
78 35
284 29
60 11
227 51
127 44
127 44
257 69
102 61
95 47
104 54
236 46
104 46
95 47
244 52
90 50
188 52
106 50
93 49
190 46
113 56
93 50
92 42
96 51
284 29
89 8
122 40
102 61
102 61
95 47
104 54
104 46
95 47
90 50
188 52
79 45
106 50
93 49
190 46
84 41
113 56
93 50
92 42
96 51
78 35
284 29
68 27
97 57
145 46
145 46
197 42
121 36
89 45
188 52
79 45
106 50
93 49
88 32
190 46
87 45
84 41
113 56
88 40
96 51
78 35
89 31
73 31
68 27
77 27
120 23
75 25
73 15
90 19
64 16
144 45
104 54
104 54
197 42
96 41
88 32
90 43
87 45
150 41
75 33
97 27
88 40
89 31
76 31
73 31
77 27
120 23
75 25
67 28
101 53
98 49
98 49
83 44
78 43
73 42
101 38
106 47
150 36
90 43
150 41
55 31
116 38
110 34
73 35
88 40
65 30
68 29
68 34
97 19
55 22
46 14
96 48
124 44
124 44
119 41
121 41
119 44
106 46
149 50
89 40
172 48
144 45
77 35
89 36
73 41
101 39
87 49
94 41
79 35
103 38
78 33
121 43
119 41
119 41
119 44
106 46
149 50
91 45
172 48
144 45
89 36
97 43
73 41
104 38
101 39
102 46
215 19
87 49
76 37
94 41
103 38
80 33
78 33
57 25
63 23
71 16
115 39
106 46
106 46
149 50
172 48
89 36
319 39
97 43
73 41
104 38
101 39
102 46
215 19
76 37
103 38
80 33
69 28
69 22
78 33
57 25
63 23
71 16
149 50
106 46
149 50
172 48
89 36
319 39
97 43
73 41
104 38
101 39
102 46
215 19
76 37
103 38
80 33
69 28
69 22
78 33
57 25
63 23
71 16
146 47
106 63
106 63
85 48
91 45
319 39
97 43
84 50
92 51
88 45
74 31
103 38
72 27
80 33
88 22
78 33
105 62
98 45
98 45
94 57
93 53
104 61
86 55
90 45
93 47
147 50
109 58
98 61
86 44
139 39
92 53
85 48
97 49
121 37
76 43
87 43
77 36
72 31
77 42
94 49
83 41
115 37
103 20
70 27
55 20
75 12
97 44
625 50
625 50
614 55
590 45
614 40
138 56
94 42
507 34
149 41
520 30
440 28
340 28
73 26
45 8
611 49
669 57
669 57
610 41
590 45
173 52
568 39
566 48
462 42
138 49
467 33
546 27
480 32
449 29
373 30
431 26
399 37
381 30
655 57
173 52
173 52
185 61
114 41
568 39
566 48
125 42
462 42
138 49
467 33
546 27
110 46
480 32
449 29
373 30
431 26
58 24
65 30
285 24
59 17
171 50
134 52
134 52
186 52
125 51
182 47
118 37
89 38
74 36
107 45
125 38
92 32
73 31
87 48
63 29
51 10
76 10
132 51
195 39
195 39
139 52
176 44
108 39
132 41
177 41
92 43
107 45
65 37
166 37
86 32
99 35
87 33
68 28
228 25
72 25
40 9
190 38
139 52
139 52
176 44
108 39
132 41
177 41
92 43
119 34
65 37
166 37
86 32
87 33
99 35
73 33
82 37
137 28
68 28
75 18
72 25
54 21
135 50
151 50
151 50
138 48
116 52
126 45
109 50
88 47
259 40
139 41
169 40
142 40
140 31
94 41
143 41
84 38
217 31
176 33
176 29
77 34
57 23
80 24
86 27
58 22
152 49
113 77
113 77
142 56
89 50
237 57
86 46
130 46
174 53
109 50
97 52
88 47
83 47
105 54
85 46
95 48
169 40
104 47
92 36
77 33
73 32
141 33
34 2
112 76
99 64
99 64
94 49
109 74
100 49
85 50
97 64
100 60
87 43
85 48
96 52
90 48
85 44
80 42
90 53
76 39
107 68
106 59
80 44
192 47
81 46
86 44
84 48
75 38
83 40
81 38
94 31
73 32
64 21
98 63
94 49
94 49
109 74
100 49
85 50
97 64
100 60
87 43
85 48
96 52
90 48
85 44
80 42
90 53
76 39
106 59
80 44
192 47
81 46
86 44
84 48
75 38
81 38
83 40
94 31
73 32
64 21
92 47
100 49
100 49
87 43
96 52
90 48
93 53
85 44
80 42
90 53
91 43
76 39
85 43
118 36
80 44
192 47
86 44
75 38
83 40
81 38
96 14
97 46
87 43
87 43
96 52
90 48
93 53
85 44
80 42
91 43
76 39
85 43
80 44
192 47
86 44
75 38
81 38
92 23
96 14
83 39
97 51
97 51
96 52
90 48
93 53
80 42
91 43
76 39
85 43
80 44
75 38
96 14
93 50
99 65
99 65
88 52
121 75
103 70
86 56
90 48
79 48
101 59
89 54
69 44
103 59
63 41
76 45
79 47
67 39
81 46
73 39
97 47
89 42
63 34
66 40
102 51
65 42
81 42
79 45
55 23
48 18
69 15
98 64
143 54
143 54
102 54
143 74
108 57
105 55
93 49
103 70
142 47
93 47
88 47
116 67
94 47
92 47
121 46
93 51
80 43
87 40
122 37
74 35
70 38
102 40
86 36
141 53
177 93
177 93
133 80
106 53
126 63
137 50
106 56
138 68
108 57
117 69
105 51
210 49
96 45
160 47
146 44
139 40
102 52
87 40
89 43
117 40
62 15
133 80
177 93
133 80
106 53
126 63
137 50
106 56
138 68
108 57
117 69
105 51
210 49
96 45
160 47
146 44
139 40
102 52
87 40
89 43
117 40
62 15
132 79
139 89
139 89
145 69
139 74
164 93
190 84
115 73
126 67
115 71
113 69
162 72
235 74
156 63
120 59
115 67
111 58
124 70
166 83
147 86
111 71
146 68
126 69
119 56
107 65
155 58
109 51
124 68
88 44
116 64
117 59
113 61
244 61
125 63
197 47
120 48
95 48
92 43
138 88
218 94
218 94
162 80
147 86
138 66
145 65
146 69
139 56
199 63
141 67
107 52
115 43
134 59
124 58
136 56
112 63
123 73
107 44
118 55
124 54
107 44
122 47
100 44
104 47
105 53
117 32
162 80
218 94
162 80
147 86
138 66
145 65
146 69
139 56
199 63
141 67
107 52
115 43
134 59
124 58
136 56
112 63
123 73
107 44
118 55
124 54
107 44
122 47
100 44
104 47
105 53
117 32
162 79
173 77
173 77
219 75
108 57
135 61
106 51
199 67
99 53
110 53
112 56
99 49
117 55
120 41
82 34
86 31
85 40
73 31
101 20
71 27
85 13
272 17
56 15
165 76
182 50
182 50
219 75
268 46
201 48
196 47
258 59
177 44
199 57
209 44
188 58
263 42
176 65
229 49
195 44
158 46
189 46
183 37
191 38
159 39
120 38
101 25
96 32
81 10
173 49
268 46
268 46
201 48
196 47
258 59
177 44
199 57
209 44
188 58
263 42
180 44
229 49
176 65
195 44
158 46
189 46
152 47
191 38
159 39
120 38
96 32
81 10
257 44
201 48
201 48
196 47
258 59
177 44
199 57
209 44
188 58
263 42
180 44
176 65
229 49
207 52
195 44
189 46
152 47
191 38
204 34
120 38
193 45
294 77
294 77
258 59
251 73
199 57
209 44
188 58
180 44
176 65
229 49
207 52
195 44
189 46
252 41
152 47
191 38
204 34
120 38
101 25
258 59
294 77
258 59
251 73
199 57
209 44
188 58
180 44
176 65
229 49
207 52
195 44
189 46
252 41
152 47
191 38
204 34
120 38
101 25
247 55
251 73
251 73
199 57
209 67
188 58
189 44
214 42
173 65
175 49
140 53
180 44
176 65
229 49
207 52
195 44
97 36
112 26
137 44
88 29
187 46
142 35
121 37
105 35
100 23
61 5
199 57
251 73
199 57
209 67
188 58
189 44
214 42
173 65
175 49
140 53
180 44
176 65
229 49
207 52
195 44
97 36
112 26
137 44
88 29
187 46
142 35
121 37
105 35
100 23
61 5
189 52
251 73
251 73
209 67
189 44
214 42
173 65
175 49
140 53
207 52
97 36
112 26
137 44
88 29
187 46
142 35
121 37
105 35
130 23
100 23
63 6
209 67
251 73
209 67
189 44
214 42
173 65
175 49
140 53
207 52
97 36
112 26
137 44
88 29
187 46
142 35
121 37
105 35
130 23
100 23
63 6
202 65
214 42
214 42
173 65
175 49
181 41
140 53
147 30
101 45
97 36
190 27
269 44
213 50
189 38
131 37
88 29
187 46
142 35
178 42
81 34
89 33
77 28
130 23
80 16
70 28
215 39
106 59
106 59
175 49
147 30
101 45
97 36
269 44
189 38
131 37
88 29
187 46
178 42
81 34
89 33
77 28
70 28
104 57
256 60
256 60
110 56
175 59
185 68
144 54
124 56
106 53
167 54
103 56
95 50
103 48
100 64
103 42
114 63
84 48
99 42
171 48
89 47
139 53
90 46
112 33
120 40
65 27
110 56
256 60
110 56
175 59
185 68
144 54
124 56
106 53
167 54
103 56
95 50
103 48
100 64
103 42
114 63
84 48
99 42
171 48
89 47
139 53
90 46
112 33
120 40
65 27
109 55
273 70
273 70
175 59
140 63
102 48
185 68
124 56
192 47
106 53
170 53
95 50
100 64
97 38
111 43
130 37
137 48
158 57
176 51
81 41
86 45
96 40
85 46
79 32
60 24
109 19
175 59
273 70
175 59
140 63
102 48
185 68
124 56
192 47
106 53
170 53
95 50
100 64
97 38
111 43
130 37
137 48
158 57
176 51
81 41
86 45
96 40
85 46
79 32
60 24
109 19
171 57
273 70
273 70
140 63
102 48
124 56
192 47
106 53
170 53
95 50
100 64
97 38
111 43
130 37
137 48
158 57
77 39
176 51
81 41
180 47
86 45
96 40
85 46
79 32
188 33
109 19
68 12
140 63
273 70
140 63
102 48
124 56
192 47
106 53
170 53
95 50
100 64
97 38
111 43
130 37
137 48
158 57
77 39
176 51
81 41
180 47
86 45
96 40
85 46
79 32
188 33
109 19
68 12
136 61
117 69
117 69
112 67
111 43
89 52
91 43
158 57
84 39
176 51
79 40
86 33
99 38
116 52
86 38
180 47
85 42
131 42
69 29
97 26
63 28
82 25
71 25
114 68
90 52
90 52
141 53
104 57
112 67
126 52
120 45
89 52
95 49
99 56
81 41
81 37
73 36
87 37
78 39
76 39
190 34
120 35
79 39
85 22
89 51
104 61
104 61
114 58
80 45
104 57
78 49
126 52
83 42
87 44
95 49
99 56
101 34
78 35
76 37
81 40
76 33
88 33
79 33
69 20
67 22
50 13
102 60
168 76
168 76
108 72
90 52
83 47
101 60
84 49
93 51
98 47
81 48
91 56
83 48
83 49
100 56
84 49
87 48
78 43
204 51
131 45
135 45
73 41
95 48
80 41
68 27
165 75
287 73
287 73
194 51
178 48
107 44
182 43
143 49
183 43
93 38
147 44
64 38
133 43
163 43
148 39
250 53
88 41
126 30
152 37
154 40
55 24
286 73
194 51
194 51
178 48
143 49
147 44
148 39
250 53
126 30
152 37
81 35
154 40
79 30
218 34
76 25
69 21
197 22
163 20
191 49
143 49
143 49
153 50
220 44
126 30
152 37
81 35
79 30
218 34
69 21
197 22
76 15
163 20
139 46
153 50
153 50
220 44
126 30
152 37
81 35
79 30
218 34
69 21
197 22
76 15
163 20
147 48
172 41
172 41
89 39
116 44
129 37
144 41
92 35
183 36
153 34
74 38
90 33
153 40
155 35
77 35
68 38
185 33
77 34
65 27
71 38
126 33
68 20
169 40
90 50
90 50
89 39
116 44
92 35
153 40
155 35
96 43
185 33
77 34
77 38
65 27
71 38
69 33
126 33
59 29
68 20
69 23
54 12
55 15
88 49
392 45
392 45
406 46
382 43
121 39
336 52
85 42
96 43
83 40
100 34
99 37
318 32
87 38
288 28
77 28
148 18
91 23
69 23
182 19
54 13
60 15
391 44
522 43
522 43
438 52
385 41
367 51
376 47
406 47
367 48
377 42
462 53
394 41
399 41
392 45
428 39
386 44
388 48
353 37
382 43
373 36
359 40
358 37
363 34
298 35
299 20
261 21
529 42
385 41
385 41
406 47
371 41
392 45
388 48
353 37
367 29
359 40
364 40
358 37
363 34
301 30
298 35
323 26
299 20
239 9
222 17
383 39
406 47
406 47
371 41
392 45
388 48
367 29
359 40
364 40
358 37
363 34
301 30
274 41
323 26
299 20
273 20
403 44
116 52
116 52
88 43
99 53
364 40
301 30
80 42
274 41
88 36
81 28
78 32
239 9
196 5
53 7
113 51
160 86
160 86
132 68
144 69
112 53
93 49
88 43
161 61
99 53
200 48
90 44
100 46
150 45
99 49
102 52
90 43
97 43
77 44
93 35
88 39
97 32
78 33
100 48
74 35
82 36
94 27
75 26
158 85
167 85
167 85
168 75
144 71
119 65
168 53
180 73
217 85
147 61
144 60
141 73
140 56
129 62
135 59
137 62
153 79
129 56
139 58
139 68
138 65
134 53
136 57
530 33
168 83
122 47
114 60
143 60
114 51
99 46
107 46
130 71
224 42
94 29
166 84
215 108
215 108
202 73
180 53
128 63
134 75
141 73
129 62
132 63
120 55
164 59
139 62
109 63
110 50
104 53
162 57
138 65
128 59
113 56
117 62
114 60
159 57
143 60
105 47
104 46
267 40
85 32
137 39
103 31
94 29
210 107
204 94
204 94
158 95
122 74
162 87
176 70
121 64
391 55
108 59
134 60
102 50
103 58
103 65
115 62
103 61
99 50
156 59
162 53
116 69
155 53
153 59
111 64
102 59
105 64
133 50
115 63
103 51
137 44
112 40
91 50
78 42
120 28
80 35
40 3
198 93
162 87
162 87
121 64
108 59
102 50
103 58
115 62
103 61
99 50
156 59
116 69
105 54
155 53
104 53
111 64
94 45
94 40
105 64
133 50
115 63
103 51
90 42
95 44
137 44
112 40
91 50
121 64
162 87
121 64
108 59
102 50
103 58
115 62
103 61
99 50
156 59
116 69
105 54
155 53
104 53
111 64
94 45
94 40
105 64
133 50
115 63
103 51
90 42
95 44
137 44
112 40
91 50
119 62
108 59
108 59
102 50
103 58
99 50
116 69
105 54
122 45
104 53
160 49
111 64
94 45
94 40
105 64
115 63
103 51
90 42
95 44
137 44
115 45
112 40
105 56
102 50
102 50
103 58
99 50
105 54
104 53
160 49
94 45
94 40
105 64
115 63
103 51
90 42
95 44
137 44
80 35
75 14
98 46
105 54
105 54
122 45
104 53
160 49
94 45
94 40
116 53
90 42
95 44
115 45
75 14
100 50
196 58
196 58
122 45
104 53
160 49
107 56
100 41
90 42
95 44
149 41
153 34
96 42
115 45
125 39
82 23
86 18
190 57
202 101
202 101
141 72
143 59
128 53
99 63
137 65
115 56
103 61
138 48
115 67
156 66
89 49
96 52
130 55
90 47
182 62
110 47
129 46
89 49
91 43
94 44
136 56
90 41
121 39
84 23
75 27
82 17
141 72
202 101
141 72
143 59
128 53
99 63
137 65
115 56
103 61
138 48
115 67
156 66
89 49
96 52
130 55
90 47
182 62
110 47
129 46
89 49
91 43
94 44
136 56
90 41
121 39
84 23
75 27
82 17
139 71
137 65
137 65
115 67
131 62
96 47
83 46
90 48
103 47
102 52
95 44
121 47
83 46
95 50
83 45
116 54
85 46
182 62
85 38
96 47
169 53
90 46
89 36
78 35
119 20
135 63
131 62
131 62
102 52
95 44
175 56
95 50
86 39
114 39
85 38
99 46
81 40
169 53
90 46
89 36
78 38
77 32
110 25
77 34
136 32
129 60
181 55
181 55
175 56
98 40
116 54
99 46
102 44
142 42
92 34
105 45
99 35
93 39
102 38
73 29
81 37
77 36
89 30
80 34
55 24
60 19
182 55
146 47
146 47
74 34
121 43
110 38
103 48
108 59
86 47
86 36
80 44
81 39
92 34
114 37
76 37
92 35
87 39
72 33
88 29
65 20
74 21
75 25
67 25
145 46
87 47
87 47
92 54
136 56
99 50
100 43
99 52
102 48
126 36
112 43
90 37
96 47
128 41
108 59
108 44
86 27
81 46
76 37
108 31
72 33
68 31
74 28
73 37
45 6
85 46
100 63
100 63
111 53
92 54
108 48
103 61
99 46
111 48
109 48
126 49
109 43
79 39
101 48
128 41
88 44
79 39
82 41
91 49
86 46
75 44
69 35
90 35
73 37
90 23
51 14
98 62
94 57
94 57
198 69
376 52
87 44
103 61
143 66
110 45
86 49
139 60
83 50
82 46
82 46
100 41
79 42
81 46
170 60
88 42
88 43
70 33
71 31
59 19
93 56
198 69
198 69
99 53
139 60
83 50
82 46
229 46
165 45
170 60
145 46
73 32
88 43
102 32
158 35
67 32
172 38
57 22
194 67
99 53
99 53
139 60
229 46
130 44
97 48
165 45
99 34
161 40
145 46
170 60
153 39
102 32
91 33
80 35
158 35
82 30
135 29
102 40
172 38
95 20
96 51
130 44
130 44
97 48
165 45
99 34
161 40
153 39
88 33
84 38
69 36
91 33
120 35
80 35
135 29
102 40
95 20
68 30
63 25
52 12
128 42
106 53
106 53
87 43
97 48
97 40
67 32
68 32
153 39
114 35
134 43
84 38
69 36
120 35
67 31
102 40
93 13
68 30
57 20
63 25
77 30
42 8
56 18
59 24
104 52
398 100
398 100
353 88
122 70
218 69
121 69
106 66
105 58
162 73
99 52
106 53
117 73
151 72
101 57
91 51
122 47
106 59
87 47
102 47
93 53
98 41
88 41
87 33
84 31
75 25
393 99
366 101
366 101
311 91
341 78
387 72
338 75
306 66
357 65
321 70
296 65
331 82
328 66
263 73
310 61
305 69
350 48
282 67
173 55
332 66
146 37
261 59
295 46
219 41
290 51
182 40
182 33
249 30
360 100
357 65
357 65
173 55
100 44
107 46
125 35
112 57
105 47
105 51
98 41
146 44
219 41
92 33
88 40
107 34
131 29
77 17
160 25
130 15
351 63
173 55
173 55
100 44
107 46
125 35
112 57
105 47
105 51
98 41
146 44
219 41
92 33
88 40
131 29
77 32
77 17
160 25
169 52
100 44
100 44
107 46
125 35
112 57
105 47
105 51
98 41
146 44
92 33
69 39
88 40
107 34
88 40
81 30
69 32
131 29
77 32
77 17
66 17
96 41
107 46
107 46
125 35
112 57
105 47
105 51
98 41
146 44
92 33
88 40
107 34
88 40
81 30
69 32
131 29
77 32
77 17
102 42
125 35
125 35
112 57
105 47
105 51
146 44
92 33
135 51
69 39
88 40
107 34
88 40
78 42
81 30
154 36
69 32
131 29
77 32
65 34
73 27
66 17
117 30
146 44
146 44
108 51
92 33
87 45
135 51
69 39
88 40
107 34
88 40
78 42
91 43
81 30
154 36
68 29
69 32
77 32
65 34
137 38
74 47
74 47
243 40
108 51
72 42
88 44
87 45
135 51
69 39
109 39
88 40
85 40
78 42
91 43
154 36
78 34
68 29
69 32
77 32
65 34
73 27
59 27
71 46
180 48
180 48
107 54
143 41
169 39
125 36
85 40
79 39
78 34
92 26
83 29
99 24
95 26
86 21
67 21
84 22
110 19
66 13
55 15
178 47
268 47
268 47
85 44
88 47
147 46
68 40
78 40
69 36
156 43
75 45
78 44
83 43
111 30
112 38
111 41
92 33
88 27
65 33
70 33
75 30
56 29
66 26
61 24
92 10
49 11
263 46
162 62
162 62
204 61
157 44
169 41
238 46
202 38
118 38
121 40
169 48
231 44
194 40
157 41
97 41
204 36
80 44
70 30
71 31
160 61
157 44
157 44
124 39
238 46
173 44
224 35
136 49
157 41
130 34
213 36
119 38
112 38
109 36
144 37
114 35
164 34
113 33
70 27
66 18
152 42
124 39
124 39
238 46
173 44
224 35
136 49
130 34
119 38
112 38
109 36
144 37
94 31
164 34
110 38
113 22
70 27
62 17
118 37
111 61
111 61
224 35
136 49
130 34
119 38
109 36
94 31
164 34
110 38
113 22
62 17
107 60
140 54
140 54
139 52
84 43
230 43
133 50
219 39
77 37
124 32
348 45
82 38
81 32
127 24
67 33
86 20
147 29
64 17
51 16
33 5
21 1
138 53
498 46
498 46
439 47
497 42
410 39
510 42
556 39
133 50
140 34
75 35
348 45
378 34
92 29
204 34
80 27
486 45
484 46
484 46
454 44
588 52
528 39
507 46
527 41
508 38
534 48
491 38
504 42
245 42
491 44
521 26
423 36
511 34
504 25
424 30
339 30
282 20
83 10
477 45
507 46
507 46
511 34
504 25
490 24
267 27
395 25
102 35
154 27
87 28
424 30
81 22
282 20
96 31
77 24
291 8
124 5
99 18
58 7
511 34
507 46
511 34
504 25
490 24
267 27
395 25
102 35
154 27
87 28
424 30
81 22
282 20
96 31
77 24
291 8
124 5
99 18
58 7
503 32
102 35
102 35
87 28
97 28
63 25
77 24
62 22
99 33
96 31
96 31
97 28
63 25
69 20
77 24
72 26
62 22
133 19
107 18
74 24
54 20
39 7
92 29
103 48
103 48
101 49
107 32
81 36
61 26
85 34
63 27
74 24
57 17
100 47
349 82
349 82
343 88
335 67
317 59
307 78
328 58
287 62
270 60
311 47
92 49
93 43
101 49
204 47
144 64
227 27
91 40
92 35
81 29
82 27
71 20
339 81
359 89
359 89
488 91
380 81
398 81
362 81
173 71
351 81
341 77
423 81
326 85
330 70
312 70
354 77
280 74
333 72
326 70
297 60
342 72
179 69
403 75
335 68
266 69
331 66
155 67
342 82
143 78
299 64
240 70
320 71
150 72
307 64
274 64
249 30
134 49
158 47
171 27
95 43
348 88
488 91
488 91
380 81
398 81
362 81
173 71
423 81
326 85
354 77
280 74
214 65
179 69
403 75
168 68
331 66
123 61
155 67
342 82
213 70
143 78
176 56
147 67
240 70
171 76
134 57
320 71
150 72
116 51
145 52
109 51
134 49
90 32
171 27
95 43
483 89
214 65
214 65
168 68
143 78
188 55
171 76
150 53
134 57
153 61
148 60
237 44
129 50
145 61
176 53
143 46
99 37
103 48
145 52
90 46
128 51
112 56
125 49
114 49
97 45
109 51
98 46
84 35
84 39
71 26
207 63
188 55
188 55
171 76
150 53
134 57
153 61
148 60
210 60
237 44
129 50
145 61
176 53
99 37
103 48
145 52
90 46
128 51
134 41
112 56
114 49
97 45
98 46
84 35
118 25
84 39
71 26
184 53
150 53
150 53
134 57
153 61
148 60
237 44
129 50
145 61
176 53
99 37
103 48
145 52
90 46
128 51
112 56
97 45
98 46
84 35
118 25
84 39
71 26
134 57
150 53
134 57
153 61
148 60
237 44
129 50
145 61
176 53
99 37
103 48
145 52
90 46
128 51
112 56
97 45
98 46
84 35
118 25
84 39
71 26
153 61
150 53
134 57
153 61
148 60
237 44
129 50
145 61
176 53
99 37
103 48
145 52
90 46
128 51
112 56
97 45
98 46
84 35
118 25
84 39
71 26
149 58
148 60
148 60
210 60
145 61
176 53
99 37
103 48
128 51
134 41
112 56
97 45
132 37
90 38
73 23
161 28
71 29
84 35
118 25
71 26
45 3
210 60
148 60
210 60
145 61
176 53
99 37
103 48
128 51
134 41
112 56
97 45
132 37
90 38
73 23
161 28
71 29
84 35
118 25
71 26
45 3
203 58
140 52
140 52
78 38
246 49
86 37
162 41
83 33
83 36
145 33
72 33
121 30
113 29
84 29
68 26
89 29
84 9
60 22
63 12
133 51
162 41
162 41
83 33
83 36
145 33
72 33
121 30
113 29
83 31
68 26
89 29
98 26
74 34
29 8
156 39
83 33
83 33
83 36
145 33
72 33
121 30
113 29
68 26
83 31
89 29
98 26
74 34
104 12
80 30
103 44
103 44
83 36
145 33
121 30
113 29
83 31
89 29
98 26
74 34
104 12
77 24
99 43
173 61
173 61
146 57
122 62
129 55
118 50
162 56
107 52
108 44
128 49
100 41
108 60
119 40
195 27
129 32
94 31
79 29
126 32
97 43
62 7
56 12
171 60
148 68
148 68
174 86
114 73
167 63
168 75
151 60
142 78
177 66
113 53
134 55
146 57
108 58
141 60
121 60
113 61
123 62
126 56
100 55
183 68
109 62
106 59
90 57
108 60
94 42
82 37
111 30
69 21
145 67
182 78
182 78
156 80
108 68
99 59
151 60
168 75
136 52
95 58
177 66
100 64
126 60
101 56
122 71
101 55
106 57
96 58
98 60
113 61
158 83
100 55
183 68
101 57
109 62
91 52
123 47
111 45
90 45
125 52
76 35
176 77
156 80
156 80
122 57
120 60
125 62
116 64
175 55
114 56
122 71
99 52
149 46
97 52
77 40
110 42
149 60
94 41
93 44
161 35
81 44
168 33
75 35
75 42
122 29
64 24
69 24
122 57
156 80
122 57
120 60
125 62
116 64
175 55
114 56
122 71
99 52
149 46
97 52
77 40
110 42
149 60
94 41
93 44
161 35
81 44
168 33
75 35
75 42
122 29
64 24
69 24
118 56
120 60
120 60
125 62
99 52
149 46
133 39
100 41
77 40
150 61
110 42
149 60
101 39
188 55
75 35
74 34
74 31
98 37
89 35
121 36
75 42
71 35
76 27
61 22
61 26
116 58
125 62
125 62
100 41
150 61
149 60
188 55
75 32
74 34
74 31
98 37
89 35
121 36
71 35
75 36
70 32
65 21
61 26
52 12
100 41
125 62
100 41
150 61
149 60
188 55
75 32
74 34
74 31
98 37
89 35
121 36
71 35
75 36
70 32
65 21
61 26
52 12
97 39
223 69
223 69
183 62
171 55
150 61
188 55
93 56
75 32
89 35
121 36
170 35
166 36
124 35
75 36
70 32
67 29
65 21
55 13
26 4
218 68
150 75
150 75
140 70
108 69
98 64
113 69
119 59
97 57
111 73
375 54
95 57
101 65
181 51
135 43
92 45
90 53
94 50
109 41
99 42
125 53
97 56
88 52
82 36
102 42
87 36
94 35
146 74
531 69
531 69
522 80
300 62
140 70
108 69
365 68
483 59
97 57
111 73
99 53
99 60
95 57
136 50
500 66
282 56
101 65
102 57
90 54
90 53
95 53
405 56
92 55
94 50
388 55
97 56
88 52
85 46
102 42
112 36
212 39
73 27
512 68
522 80
522 80
506 68
535 68
335 78
525 55
483 59
521 55
500 66
282 56
477 46
442 54
405 56
468 63
388 55
312 46
392 53
317 42
383 48
407 54
417 43
386 43
376 32
535 27
503 78
506 68
506 68
535 68
589 57
517 60
420 57
335 78
549 52
462 53
136 64
130 66
85 47
489 51
504 49
451 55
468 63
90 48
79 45
417 43
83 42
112 31
168 43
288 32
76 29
486 66
535 68
535 68
589 57
517 60
420 57
549 52
462 53
136 64
130 66
85 47
489 51
504 49
126 61
451 55
131 46
90 48
79 45
84 43
321 40
83 42
83 39
112 31
168 43
288 32
64 28
516 65
517 60
517 60
420 57
462 53
136 64
130 66
85 47
148 49
489 51
126 61
131 46
98 43
234 51
125 51
191 30
119 46
90 48
122 41
79 45
84 43
83 42
83 39
168 43
105 30
83 24
64 28
76 29
496 57
420 57
420 57
462 53
136 64
130 66
85 47
148 49
126 61
131 46
98 43
234 51
125 51
191 30
119 46
90 48
122 41
138 51
79 45
84 43
83 42
83 39
116 33
168 43
105 30
99 36
64 28
76 29
462 53
420 57
462 53
136 64
130 66
85 47
148 49
126 61
131 46
98 43
234 51
125 51
191 30
119 46
90 48
122 41
138 51
79 45
84 43
83 42
83 39
116 33
168 43
105 30
99 36
64 28
76 29
441 49
136 64
136 64
130 66
85 47
148 49
126 61
131 46
98 43
234 51
125 51
191 30
119 46
90 48
122 41
138 51
84 43
83 42
83 39
105 30
83 24
64 28
76 29
131 59
127 57
127 57
173 63
130 66
148 49
126 61
137 53
137 55
92 50
113 47
169 45
109 48
93 51
125 51
190 40
138 51
93 45
104 47
86 35
116 33
99 36
73 33
118 56
468 74
468 74
173 63
137 53
137 55
113 54
134 71
93 51
99 49
80 47
84 50
125 46
98 36
104 48
74 37
81 42
73 40
78 38
104 47
85 39
77 32
176 51
88 42
71 32
63 21
85 26
90 17
54 13
46 11
45 12
35 6
462 73
431 77
431 77
417 58
434 55
401 62
399 66
402 53
402 57
396 43
355 45
384 44
385 47
392 67
350 35
372 42
393 41
361 39
347 34
320 28
336 35
346 41
341 35
282 42
299 30
261 24
426 76
363 75
363 75
101 50
114 58
110 64
109 56
107 61
106 56
94 48
248 73
98 56
189 51
108 54
123 59
107 53
111 53
111 60
95 44
108 44
104 51
114 46
84 40
216 48
83 40
64 14
50 9
357 74
101 50
101 50
114 58
110 64
109 56
107 61
106 56
148 55
94 48
248 73
98 56
189 51
108 54
142 57
123 59
129 58
107 53
111 53
111 60
95 44
108 44
104 51
114 46
84 40
91 42
216 48
74 35
83 40
64 14
47 7
50 9
99 48
110 64
110 64
148 55
189 51
142 57
123 59
129 58
173 46
114 46
130 42
110 45
216 48
85 38
88 32
129 53
74 35
134 32
109 21
69 21
148 55
110 64
148 55
189 51
142 57
123 59
129 58
173 46
114 46
130 42
110 45
216 48
85 38
88 32
129 53
74 35
134 32
109 21
69 21
145 53
142 57
142 57
123 59
140 62
129 58
198 48
113 38
123 44
120 37
117 42
108 41
113 42
85 38
88 32
117 46
129 53
117 32
116 41
134 32
138 54
140 62
140 62
140 49
198 48
136 50
123 44
120 37
117 42
133 36
108 41
113 42
117 46
129 53
116 41
134 32
71 15
137 60
168 86
168 86
125 83
105 72
142 70
91 65
101 68
136 50
95 63
131 46
96 69
89 51
93 48
85 44
90 54
82 52
88 42
81 49
86 36
86 51
99 51
83 34
79 36
73 46
93 48
87 37
82 45
106 42
77 45
82 29
166 85
261 70
261 70
126 76
212 71
154 65
153 54
113 66
148 55
104 63
128 44
165 65
179 49
172 40
110 57
97 56
106 33
94 43
82 38
123 41
89 31
250 69
126 76
126 76
212 71
154 65
153 54
113 66
148 55
104 63
128 44
165 65
179 49
111 42
172 40
110 57
97 56
106 33
94 43
82 38
89 31
124 74
141 83
141 83
126 70
106 55
114 58
145 47
135 78
115 55
108 52
101 48
132 54
95 49
113 65
100 52
84 45
99 47
118 54
105 57
91 50
94 41
106 53
96 40
88 33
68 34
97 41
140 82
348 82
348 82
208 65
134 70
144 59
183 90
132 61
311 76
196 62
185 64
115 63
135 78
159 54
114 65
129 50
111 58
110 49
113 55
166 50
111 55
115 50
101 47
113 48
188 57
118 49
101 34
79 17
346 81
367 90
367 90
408 64
308 65
282 73
293 73
537 63
248 67
268 60
264 60
332 75
314 56
396 52
208 59
233 60
336 63
265 55
220 53
228 58
286 78
256 47
295 57
461 39
193 36
300 48
260 43
280 45
307 40
329 44
212 57
191 39
167 32
128 33
80 18
363 89
308 65
308 65
253 68
215 57
124 53
141 63
105 46
145 43
115 49
252 54
119 39
99 55
141 40
100 39
194 57
107 40
102 29
166 43
135 42
107 32
302 63
253 68
253 68
309 62
215 57
124 53
141 63
105 46
183 53
145 43
115 49
252 54
119 39
99 55
141 40
100 39
194 57
94 44
107 40
72 37
102 29
166 43
135 42
107 32
72 21
247 66
305 77
305 77
291 57
309 62
215 57
124 53
141 63
105 46
258 49
183 53
115 49
203 39
119 39
99 55
184 38
179 46
94 44
107 40
72 37
102 29
166 43
135 42
122 30
121 27
294 76
322 86
322 86
778 83
290 83
321 59
354 79
373 65
342 74
277 60
324 70
254 57
281 63
249 62
193 70
287 69
273 72
275 58
347 59
295 51
242 50
231 57
147 58
242 53
274 49
230 51
253 49
210 47
156 34
183 27
152 32
141 25
313 85
778 83
778 83
624 76
662 79
555 85
517 64
426 87
559 66
531 71
528 66
594 88
472 62
601 72
403 75
507 60
837 92
120 60
504 83
589 59
527 55
183 60
612 65
546 53
408 56
410 43
416 48
329 50
419 36
82 30
744 81
624 76
624 76
555 85
426 87
559 66
531 71
578 78
528 66
594 88
472 62
601 72
403 75
507 60
837 92
504 83
504 57
527 55
445 58
612 65
546 53
408 56
642 39
537 42
235 55
410 43
416 48
329 50
419 36
597 74
555 85
555 85
559 66
578 78
528 66
594 88
601 72
507 60
837 92
504 83
504 57
558 54
480 51
441 52
527 55
445 58
612 65
408 56
642 39
446 47
537 42
516 39
235 55
304 39
410 43
416 48
365 37
419 36
263 19
528 82
186 71
186 71
633 75
517 66
236 79
578 78
594 88
601 72
141 60
140 61
157 56
504 83
504 57
558 54
480 51
445 58
188 48
612 65
418 57
446 47
516 39
409 49
500 58
235 55
114 46
365 37
107 33
179 70
178 71
178 71
207 60
236 79
270 94
192 62
155 70
148 73
195 71
144 57
180 73
138 62
177 56
129 55
137 60
154 59
162 69
145 59
148 52
177 54
157 64
177 48
205 41
123 40
127 41
129 49
107 40
91 50
87 31
97 34
174 70
137 72
137 72
180 73
105 49
177 56
97 50
113 45
162 69
145 59
103 50
134 52
98 39
191 41
122 33
103 43
100 45
94 44
95 45
87 43
113 45
96 34
135 71
233 66
233 66
116 57
153 67
113 59
128 54
99 54
140 63
123 71
128 56
131 55
138 54
111 64
134 46
108 63
127 50
157 64
106 60
128 58
132 60
115 61
113 51
203 62
102 53
190 47
89 46
113 44
71 35
97 40
229 65
112 60
112 60
126 67
107 57
109 62
123 71
105 54
121 54
111 64
114 66
109 60
91 48
134 65
114 58
152 50
106 60
168 49
132 60
145 54
98 51
96 47
114 45
91 45
88 46
91 20
110 59
126 67
126 67
107 57
226 89
199 67
109 62
179 64
236 65
105 54
121 54
131 59
109 60
164 53
134 65
168 71
98 47
152 50
98 47
100 49
149 48
104 54
148 45
141 43
132 33
99 33
93 33
54 16
123 65
190 94
190 94
226 89
199 67
179 64
236 65
131 59
164 53
134 65
168 71
100 49
149 48
104 54
255 51
155 48
101 50
148 45
141 43
93 39
86 42
112 27
70 26
93 33
73 25
185 93
273 72
273 72
230 68
268 86
229 61
209 60
257 56
207 57
203 59
246 82
217 69
347 89
220 61
199 57
211 68
391 78
199 54
231 55
200 56
228 50
203 52
179 45
187 58
181 54
174 42
148 43
177 26
146 40
120 41
130 6
267 71
308 68
308 68
242 71
249 74
249 79
229 61
229 49
241 78
164 71
246 82
234 53
221 49
98 59
217 52
174 64
168 55
237 34
232 46
172 20
112 20
299 67
167 95
167 95
135 76
130 72
348 98
242 71
249 74
249 79
241 78
164 71
128 64
128 65
120 70
104 54
124 74
98 59
110 56
217 52
174 64
105 57
105 60
168 55
109 47
98 54
100 43
75 29
70 21
112 20
164 94
158 106
158 106
146 88
225 88
236 92
155 96
124 66
131 80
132 75
130 69
146 83
167 85
121 65
142 62
137 84
132 77
144 87
135 77
119 65
144 76
224 61
128 63
131 65
198 39
115 53
125 53
107 43
112 57
111 51
168 43
120 32
76 29
90 33
156 105
146 88
146 88
225 88
236 92
169 75
155 96
124 66
176 81
131 80
117 66
130 69
167 85
111 68
142 62
137 84
113 62
132 77
135 77
153 63
119 75
119 65
144 76
102 62
115 59
128 63
131 65
108 58
115 53
109 52
125 53
109 65
112 57
168 43
120 32
94 41
144 86
236 92
236 92
169 75
155 96
124 66
176 81
131 80
117 66
130 69
167 85
111 68
142 62
113 62
137 84
132 77
135 77
105 64
153 63
119 75
128 77
119 65
144 76
102 62
115 59
128 63
131 65
108 58
109 52
109 65
112 57
103 60
168 43
94 41
87 32
81 18
74 22
234 89
116 61
116 61
108 56
128 77
115 62
120 61
164 62
133 77
111 50
124 71
142 44
96 48
172 54
100 55
101 52
122 61
107 59
108 51
101 50
86 39
91 42
93 40
99 36
104 50
99 50
76 25
113 60
128 77
128 77
115 62
120 61
164 62
133 77
111 50
124 71
142 44
172 54
101 52
102 53
122 61
108 51
101 50
86 39
91 42
93 40
99 36
104 50
99 42
90 30
83 14
115 62
128 77
115 62
120 61
164 62
133 77
111 50
124 71
142 44
172 54
101 52
102 53
122 61
108 51
101 50
86 39
91 42
93 40
99 36
104 50
99 42
90 30
83 14
111 60
128 77
128 77
120 61
164 62
133 77
111 50
124 71
142 44
172 54
101 52
102 53
122 61
108 51
101 50
86 39
91 42
93 40
99 36
104 50
99 42
90 30
28 1
120 61
128 77
120 61
164 62
133 77
111 50
124 71
142 44
172 54
101 52
102 53
122 61
108 51
101 50
86 39
91 42
93 40
99 36
104 50
99 42
90 30
28 1
115 58
164 62
164 62
133 77
111 50
102 53
122 61
108 51
92 39
88 45
88 47
86 45
99 36
99 42
180 38
90 41
83 39
90 30
74 23
159 58
111 50
111 50
101 57
102 53
122 61
108 51
92 39
88 45
83 43
170 36
88 47
86 45
99 36
99 42
180 38
83 36
90 41
83 39
90 30
84 36
69 25
106 45
101 57
101 57
102 53
102 61
92 39
88 45
83 43
170 36
88 47
86 45
90 40
99 42
180 38
83 36
90 41
98 44
83 39
90 30
84 36
96 55
108 58
108 58
167 74
106 59
91 54
91 53
98 49
100 54
96 50
140 53
115 56
112 50
102 61
99 47
96 41
96 49
96 42
261 41
94 50
83 37
78 42
91 34
121 37
84 36
104 57
93 61
93 61
159 50
91 54
86 49
91 53
100 54
115 56
84 45
115 60
112 50
117 47
80 40
96 49
98 52
86 40
94 50
78 39
78 42
91 34
74 35
91 60
190 58
190 58
247 51
89 50
83 49
86 51
94 49
201 55
100 54
84 46
97 45
115 60
92 44
124 53
96 43
109 40
73 35
72 39
73 34
100 25
53 17
247 51
190 58
247 51
89 50
83 49
86 51
94 49
201 55
100 54
84 46
97 45
115 60
92 44
124 53
96 43
109 40
73 35
72 39
73 34
100 25
53 17
246 50
203 61
203 61
109 47
107 50
94 46
146 52
87 45
96 37
117 39
86 35
158 23
83 39
121 23
92 30
72 27
69 35
75 30
105 15
153 23
63 17
199 59
88 52
88 52
80 49
91 47
102 50
97 43
89 51
94 42
90 45
83 39
94 43
83 38
78 36
93 37
75 37
66 36
100 42
106 47
189 41
72 32
83 39
64 19
70 16
80 27
84 48
82 49
82 49
70 40
71 46
69 32
85 41
66 37
72 38
117 37
91 38
63 32
59 29
74 34
73 31
74 31
67 38
58 24
63 31
46 13
51 11
32 2
77 45
70 40
70 40
71 46
69 32
85 41
66 37
117 37
91 38
59 29
75 23
73 23
74 34
73 31
74 31
67 38
63 31
51 20
46 13
65 35
378 31
378 31
69 32
85 41
117 37
276 27
75 23
73 23
74 34
73 31
74 31
58 24
63 31
69 32
378 31
69 32
85 41
117 37
276 27
75 23
73 23
74 34
73 31
74 31
58 24
63 31
85 41
378 31
69 32
85 41
117 37
276 27
75 23
73 23
74 34
73 31
74 31
58 24
63 31
117 37
378 31
69 32
85 41
117 37
276 27
75 23
73 23
74 34
73 31
74 31
58 24
63 31
276 27
378 31
69 32
85 41
117 37
276 27
75 23
73 23
74 34
73 31
74 31
58 24
63 31
75 23
378 31
69 32
85 41
117 37
276 27
75 23
73 23
74 34
73 31
74 31
58 24
63 31
67 19
383 42
383 42
378 31
276 27
316 15
73 23
52 14
363 38
402 62
402 62
421 67
393 54
392 45
376 42
379 40
385 45
364 39
344 49
338 58
318 50
286 50
378 36
369 35
351 36
333 31
339 21
287 34
321 29
221 16
146 17
383 57
104 66
104 66
91 57
139 77
156 70
98 52
105 59
99 59
269 67
96 56
102 59
93 52
114 61
99 51
149 48
102 49
88 51
164 52
338 58
102 52
88 55
105 56
89 47
78 40
87 42
149 47
146 17
99 61
139 77
139 77
102 66
151 68
135 55
126 66
109 68
179 56
156 59
111 49
169 45
123 48
121 52
88 55
119 55
109 52
79 39
93 42
76 35
108 39
166 40
81 31
87 8
57 22
134 71
102 66
102 66
151 68
108 53
100 52
115 50
91 42
95 52
119 55
82 41
113 44
95 40
98 39
89 35
88 34
93 42
108 30
84 34
118 19
60 17
96 61
151 68
151 68
108 53
100 52
115 50
91 42
80 35
95 52
119 55
135 46
82 41
113 44
110 50
98 39
89 35
88 34
93 42
108 30
84 34
68 22
55 12
118 19
146 62
108 53
108 53
100 52
115 50
91 42
83 36
80 35
95 52
94 44
86 42
135 46
82 41
83 38
110 50
88 34
108 30
68 22
69 18
60 17
103 48
129 46
129 46
118 54
83 49
83 42
83 36
89 51
95 52
94 44
92 48
86 42
135 46
122 43
78 35
83 38
110 50
134 44
132 52
132 52
148 53
132 49
118 54
83 49
128 55
89 49
89 51
170 40
79 43
92 48
122 43
78 35
133 39
86 46
79 39
53 18
70 22
49 12
148 53
132 52
148 53
132 49
118 54
83 49
128 55
89 49
89 51
170 40
79 43
92 48
122 43
78 35
133 39
86 46
79 39
53 18
70 22
49 12
132 49
132 52
148 53
132 49
118 54
83 49
128 55
89 49
89 51
170 40
79 43
92 48
122 43
78 35
133 39
86 46
79 39
53 18
70 22
49 12
125 46
424 48
424 48
451 71
373 46
416 58
342 44
148 53
209 52
260 41
114 37
313 49
81 46
89 39
115 55
152 42
124 46
339 39
283 40
84 32
130 35
88 39
401 45
440 57
440 57
428 52
463 51
492 63
379 51
453 56
409 49
464 54
375 44
373 45
371 46
440 53
416 58
379 52
316 45
235 21
416 53
398 54
398 54
428 52
407 55
402 46
403 49
394 68
393 48
385 47
379 51
369 47
365 49
387 44
382 54
375 44
347 44
366 48
440 53
387 51
147 57
309 42
335 44
289 29
196 32
377 50
407 55
407 55
403 49
394 68
382 54
169 57
347 44
122 61
209 61
108 57
109 62
147 57
136 52
185 43
335 44
95 21
85 32
196 32
385 50
394 68
394 68
382 54
169 57
122 61
209 61
108 57
109 62
147 57
136 52
185 43
335 44
95 21
85 32
196 32
59 24
369 62
183 59
183 59
258 72
169 57
209 61
110 53
97 43
167 34
121 48
141 49
126 45
133 40
183 33
185 43
157 46
106 47
80 27
113 14
75 29
83 26
173 54
210 68
210 68
126 59
174 49
258 72
110 49
154 65
109 49
110 53
129 63
126 48
108 59
126 45
230 39
163 31
122 41
91 36
133 35
75 28
58 15
198 62
285 88
285 88
126 59
151 54
207 62
260 70
221 48
163 50
154 65
165 52
148 53
115 51
129 63
160 49
158 49
135 65
108 59
110 45
86 44
87 43
113 44
74 41
97 40
77 32
51 7
13 2
126 59
285 88
126 59
151 54
207 62
260 70
221 48
163 50
154 65
165 52
148 53
115 51
129 63
160 49
158 49
135 65
108 59
110 45
86 44
87 43
113 44
74 41
97 40
77 32
51 7
13 2
151 54
285 88
126 59
151 54
207 62
260 70
221 48
163 50
154 65
165 52
148 53
115 51
129 63
160 49
158 49
135 65
108 59
110 45
86 44
87 43
113 44
74 41
97 40
77 32
51 7
13 2
140 49
207 62
207 62
260 70
221 48
165 52
175 52
158 49
135 65
108 59
147 55
108 47
150 51
106 53
113 44
111 47
79 27
159 38
78 41
193 55
260 70
260 70
221 48
165 52
175 52
135 65
108 59
144 40
147 55
108 47
150 51
161 45
79 37
106 53
111 47
96 26
79 27
159 38
78 41
113 17
81 4
254 61
144 40
144 40
141 42
147 55
138 39
150 51
161 45
81 41
106 53
103 54
72 25
93 26
129 24
75 27
49 8
130 34
141 42
141 42
138 39
150 51
161 45
81 41
103 54
72 25
93 26
99 34
75 27
65 8
127 36
138 39
138 39
161 45
81 41
140 34
103 54
183 27
72 25
106 27
93 26
129 24
99 34
75 27
125 33
81 41
81 41
140 34
103 54
183 27
72 25
106 27
93 26
129 24
99 34
66 25
71 34
140 34
140 34
103 54
97 36
183 27
72 25
99 34
66 25
54 11
103 54
140 34
103 54
97 36
183 27
72 25
99 34
66 25
54 11
91 45
149 57
149 57
131 60
133 61
179 46
98 44
100 41
83 38
138 40
113 43
143 39
139 43
128 33
110 41
100 46
97 36
98 41
100 35
65 33
80 19
30 7
140 54
165 65
165 65
162 67
160 60
131 60
152 45
93 46
133 61
144 45
97 41
111 47
90 43
127 38
143 47
73 36
91 36
83 44
78 40
100 36
91 42
154 43
107 28
63 27
60 26
94 24
157 62
411 67
411 67
469 73
455 79
416 59
420 66
415 70
318 62
382 57
162 67
321 56
132 57
98 58
383 54
352 56
305 48
301 63
88 45
89 49
324 44
119 34
331 41
315 43
86 35
71 16
385 62
469 73
469 73
430 61
386 51
455 79
390 53
416 59
426 49
472 69
422 60
417 53
404 51
420 66
415 70
378 43
393 61
385 46
451 42
401 61
410 68
388 50
374 50
340 41
374 45
395 41
309 34
358 38
441 66
430 61
430 61
386 51
390 53
416 59
426 49
472 69
422 60
417 53
404 51
420 66
405 60
415 70
393 61
405 51
385 46
451 42
401 61
410 68
388 50
374 50
340 41
374 45
395 41
358 38
263 40
403 54
472 69
472 69
405 60
397 45
393 61
405 51
183 68
401 61
410 68
284 39
365 39
463 41
388 50
374 50
134 58
354 44
395 41
110 36
211 38
263 40
248 23
443 61
405 60
405 60
183 68
410 68
110 46
134 58
134 49
112 45
110 36
211 38
65 26
103 49
167 41
70 39
82 26
64 25
378 52
110 46
110 46
152 57
210 54
134 58
134 49
112 45
349 41
110 36
211 38
65 26
103 49
167 41
70 39
79 29
76 29
82 26
64 25
56 12
102 40
152 57
152 57
210 54
112 45
353 39
349 41
81 28
77 27
70 39
79 29
76 29
81 23
327 18
82 26
72 23
210 54
152 57
210 54
112 45
353 39
349 41
81 28
77 27
70 39
79 29
76 29
81 23
327 18
82 26
72 23
112 45
152 57
210 54
112 45
353 39
349 41
81 28
77 27
70 39
79 29
76 29
81 23
327 18
82 26
72 23
353 39
152 57
210 54
112 45
353 39
349 41
81 28
77 27
70 39
79 29
76 29
81 23
327 18
82 26
72 23
325 36
429 40
429 40
675 33
389 38
413 37
393 33
348 54
394 29
354 27
392 37
359 28
394 34
311 21
417 4
253 12
400 36
441 39
441 39
448 45
452 47
394 38
440 54
384 41
447 39
411 54
341 47
430 35
348 54
395 41
394 34
352 33
299 40
294 27
322 25
277 25
412 36
448 45